./GameFramework/Display/Display.java:12: error: cannot find symbol
public interface Display extends Platformable
                                 ^
  symbol: class Platformable
./GameFramework/Controls/VenueControls.java:5: error: ';' expected
import java.util.function.*
                           ^
./GameFramework/Geometry/Transforms/Transformable.java:6: error: cannot find symbol
	Coords[] coordsGroupToTranslate();
	^
  symbol:   class Coords
  location: interface Transformable
./GameFramework/Media/MediaLibrary.java:51: error: method addMany in class ArrayHelper cannot be applied to given types;
			ArrayHelper.addMany(new ArrayList<MediaLibraryItem>(), this.sounds);
			           ^
  required: List<T>,List<U>
  found: ArrayList<MediaLibraryItem>,List<Sound>
  reason: inference variable T has incompatible bounds
    equality constraints: MediaLibraryItem
    lower bounds: U,Sound
  where T,U are type-variables:
    T extends Object declared in method <T,U>addMany(List<T>,List<U>)
    U extends T declared in method <T,U>addMany(List<T>,List<U>)
./GameFramework/Media/MediaLibrary.java:237: error: method addManyWithCast in class ArrayHelper cannot be applied to given types;
		var soundEffects = ArrayHelper.addManyWithCast
		                              ^
  required: List<U>,List<T>
  found: ArrayList<Sound>,List<MediaLibraryItem>
  reason: inference variable T has incompatible bounds
    equality constraints: MediaLibraryItem
    lower bounds: U,Sound
  where U,T are type-variables:
    U extends T declared in method <U,T>addManyWithCast(List<U>,List<T>)
    T extends Object declared in method <U,T>addManyWithCast(List<U>,List<T>)
./GameFramework/Media/MediaLibrary.java:241: error: method addManyWithCast in class ArrayHelper cannot be applied to given types;
		var soundMusics = ArrayHelper.addManyWithCast
		                             ^
  required: List<U>,List<T>
  found: ArrayList<Sound>,List<MediaLibraryItem>
  reason: inference variable T has incompatible bounds
    equality constraints: MediaLibraryItem
    lower bounds: U,Sound
  where U,T are type-variables:
    U extends T declared in method <U,T>addManyWithCast(List<U>,List<T>)
    T extends Object declared in method <U,T>addManyWithCast(List<U>,List<T>)
./GameFramework/Media/Sound.java:19: error: cannot find symbol
		this.name = name;
		    ^
  symbol: variable name
./GameFramework/Media/Sound.java:71: error: incompatible types: Sound cannot be converted to Platformable
		universe.platformHelper.platformableRemove(this);
		                                           ^
./GameFramework/Model/Universe.java:149: error: incompatible types: Display cannot be converted to Platformable
		this.platformHelper.platformableAdd(this.display);
		                                        ^
./GameFramework/Utility/TimerHelper.java:18: error: incompatible types: possible lossy conversion from double to int
		this.ticksPerSecond = ticksPerSecond;
		                      ^
./GameFramework/Geometry/Collisions/CollisionHelper.java:1011: error: cannot find symbol
			).projectOntoOther(edge1);
			 ^
  symbol:   method projectOntoOther(Edge)
  location: interface ShapeBase
error: incompatible types: incompatible parameter types in lambda expression
./GameFramework/Controls/ControlBuilder.java:560: error: incompatible types: lambda body is not compatible with a void functional interface
			new ActorAction[] { new ActorAction("Back", () -> back) },
			                                                  ^
    (consider using a block lambda body, or use a statement expression instead)
./GameFramework/Controls/ControlBuilder.java:681: error: cannot find symbol
					universe.venueCurrent, venueNext
					                       ^
  symbol:   variable venueNext
  location: class ControlBuilder
./GameFramework/Controls/ControlBuilder.java:707: error: incompatible types: Runnable cannot be converted to Consumer<UniverseWorldPlaceEntities>
				new ActorAction("Back", back)
				                        ^
./GameFramework/Controls/ControlBuilder.java:791: error: incompatible types: incompatible parameter types in lambda expression
						(PlaceDefn c) -> c.actionToInputsMappingSelected,
						^
./GameFramework/Controls/ControlBuilder.java:848: error: method from8 in class ControlButton cannot be applied to given types;
				ControlButton.from8
				             ^
  required: String,Coords,Coords,String,double,boolean,DataBinding<T,Boolean>,Runnable
  found: String,Coords,Coords,String,double,boolean,DataBinding<PlaceDefn,ActionToInputsMapping>,()->{  map[...]; } }
  reason: inference variable V has incompatible bounds
    equality constraints: Boolean
    lower bounds: ActionToInputsMapping
  where T,V,C are type-variables:
    T extends Object declared in method <T>from8(String,Coords,Coords,String,double,boolean,DataBinding<T,Boolean>,Runnable)
    V extends Object declared in method <C,V>fromContextAndGet(C,Function<C,V>)
    C extends Object declared in method <C,V>fromContextAndGet(C,Function<C,V>)
./GameFramework/Controls/ControlBuilder.java:866: error: incompatible types: Object is not a functional interface
							var venueInputCapture = new VenueInputCapture
							                        ^
./GameFramework/Controls/ControlBuilder.java:900: error: cannot find symbol
							var mappingDefault = mappingsDefault.stream().filter
							                                    ^
  symbol:   method stream()
  location: variable mappingsDefault of type ActionToInputsMapping[]
./GameFramework/Controls/ControlBuilder.java:928: error: incompatible types: incompatible parameter types in lambda expression
							() -> // confirm
							^
./GameFramework/Controls/ControlBuilder.java:978: error: cannot find symbol
							var doAnyActionsLackInputs = mappings.stream().anyMatch
							                                     ^
  symbol:   method stream()
  location: variable mappings of type ActionToInputsMapping[]
./GameFramework/Display/Visuals/VisualImageScaled.java:2: error: class, interface, or enum expected
namespace GameFramework.Display.Visuals;
^
./GameFramework/Display/Visuals/VisualImageScaled.java:26: error: ']' expected
		var returnValues = new VisualImageScaled[visualsToScale.length);
		                                                              ^
./GameFramework/Display/Visuals/VisualImageScaled.java:72: error: ';' expected
	public Coords[] coordsGroupToTranslate { return null; }
	                                      ^
./GameFramework/Display/Visuals/VisualImageScaled.java:4: error: cannot find symbol
public class VisualImageScaled implements VisualImage
                                          ^
  symbol: class VisualImage
./GameFramework/Display/Visuals/VisualImageScaled.java:6: error: cannot find symbol
	public VisualImage visualImage;
	       ^
  symbol:   class VisualImage
  location: class VisualImageScaled
./GameFramework/Display/Visuals/VisualImageScaled.java:7: error: cannot find symbol
	public Coords sizeToDraw;
	       ^
  symbol:   class Coords
  location: class VisualImageScaled
./GameFramework/Display/Visuals/VisualImageScaled.java:9: error: cannot find symbol
	private Coords sizeToDrawHalf;
	        ^
  symbol:   class Coords
  location: class VisualImageScaled
./GameFramework/Display/Visuals/VisualImageScaled.java:10: error: cannot find symbol
	private Coords _posSaved;
	        ^
  symbol:   class Coords
  location: class VisualImageScaled
./GameFramework/Display/Visuals/VisualImageScaled.java:12: error: cannot find symbol
	public VisualImageScaled(VisualImage visualImage, Coords sizeToDraw)
	                         ^
  symbol:   class VisualImage
  location: class VisualImageScaled
./GameFramework/Display/Visuals/VisualImageScaled.java:12: error: cannot find symbol
	public VisualImageScaled(VisualImage visualImage, Coords sizeToDraw)
	                                                  ^
  symbol:   class Coords
  location: class VisualImageScaled
./GameFramework/Display/Visuals/VisualImageScaled.java:23: error: cannot find symbol
		Coords sizeToDraw, VisualImage[] visualsToScale
		^
  symbol:   class Coords
  location: class VisualImageScaled
./GameFramework/Display/Visuals/VisualImageScaled.java:23: error: cannot find symbol
		Coords sizeToDraw, VisualImage[] visualsToScale
		                   ^
  symbol:   class VisualImage
  location: class VisualImageScaled
./GameFramework/Display/Visuals/VisualImageScaled.java:36: error: cannot find symbol
	public void draw(UniverseWorldPlaceEntities uwpe, Display display)
	                 ^
  symbol:   class UniverseWorldPlaceEntities
  location: class VisualImageScaled
./GameFramework/Display/Visuals/VisualImageScaled.java:36: error: cannot find symbol
	public void draw(UniverseWorldPlaceEntities uwpe, Display display)
	                                                  ^
  symbol:   class Display
  location: class VisualImageScaled
./GameFramework/Display/Visuals/VisualImageScaled.java:48: error: cannot find symbol
	public Image2 image(Universe universe)
	                    ^
  symbol:   class Universe
  location: class VisualImageScaled
./GameFramework/Display/Visuals/VisualImageScaled.java:48: error: cannot find symbol
	public Image2 image(Universe universe)
	       ^
  symbol:   class Image2
  location: class VisualImageScaled
./GameFramework/Display/Visuals/VisualImageScaled.java:53: error: cannot find symbol
	public Coords sizeInPixels(Universe universe)
	                           ^
  symbol:   class Universe
  location: class VisualImageScaled
./GameFramework/Display/Visuals/VisualImageScaled.java:53: error: cannot find symbol
	public Coords sizeInPixels(Universe universe)
	       ^
  symbol:   class Coords
  location: class VisualImageScaled
./GameFramework/Display/Visuals/VisualImageScaled.java:60: error: cannot find symbol
	public Visual clone()
	       ^
  symbol:   class Visual
  location: class VisualImageScaled
./GameFramework/Display/Visuals/VisualImageScaled.java:65: error: cannot find symbol
	public Visual overwriteWith(Visual other)
	                            ^
  symbol:   class Visual
  location: class VisualImageScaled
./GameFramework/Display/Visuals/VisualImageScaled.java:65: error: cannot find symbol
	public Visual overwriteWith(Visual other)
	       ^
  symbol:   class Visual
  location: class VisualImageScaled
./GameFramework/Display/Visuals/VisualImageScaled.java:72: error: cannot find symbol
	public Coords[] coordsGroupToTranslate { return null; }
	       ^
  symbol:   class Coords
  location: class VisualImageScaled
./GameFramework/Display/Visuals/VisualImageScaled.java:74: error: cannot find symbol
	public Transformalbe transform(Transform transformToApply)
	                               ^
  symbol:   class Transform
  location: class VisualImageScaled
./GameFramework/Display/Visuals/VisualImageScaled.java:74: error: cannot find symbol
	public Transformalbe transform(Transform transformToApply)
	       ^
  symbol:   class Transformalbe
  location: class VisualImageScaled
./GameFramework/Controls/ControlBuilder.java:1061: error: cannot access VisualImageScaled
				new VisualImageScaled
				    ^
  bad source file: ./GameFramework/Display/Visuals/VisualImageScaled.java
    file does not contain class GameFramework.Display.Visuals.VisualImageScaled
    Please remove or make sure it appears in the correct subdirectory of the sourcepath.
./GameFramework/Controls/ControlBuilder.java:1133: error: cannot infer type for local variable goToVenueNext
		var goToVenueNext = () ->
		    ^
  (lambda expression needs an explicit target-type)
./GameFramework/Controls/ControlBuilder.java:1149: error: cannot find symbol
				new VisualImageScaled
				    ^
  symbol:   class VisualImageScaled
  location: class ControlBuilder
./GameFramework/Media/VisualSound.java:82: error: class, interface, or enum expected
}
^
./GameFramework/Controls/ControlBuilder.java:1172: error: cannot find symbol
					DataBinding.fromContext<Visual>(visual),
					           ^
  symbol:   variable fromContext
  location: class DataBinding
./GameFramework/Controls/ControlBuilder.java:1172: error: cannot find symbol
					DataBinding.fromContext<Visual>(visual),
					                        ^
  symbol:   variable Visual
  location: class ControlBuilder
./GameFramework/Controls/ControlBuilder.java:1268: error: incompatible types: incompatible parameter types in lambda expression
						(SoundHelper c) -> c.musicVolume,
						^
./GameFramework/Controls/ControlBuilder.java:1295: error: incompatible types: incompatible parameter types in lambda expression
						(SoundHelper c) -> c.soundVolume,
						^
./GameFramework/Controls/ControlBuilder.java:1314: error: incompatible types: inference variable C has incompatible equality constraints Object,Coords
				new ControlSelect
				^
  where C,V are type-variables:
    C extends Object declared in method <C,V>fromGet(Function<C,V>)
    V extends Object declared in method <C,V>fromGet(Function<C,V>)
./GameFramework/Controls/ControlBuilder.java:1351: error: method sizeInPixels in class Display2D cannot be applied to given types;
						display.sizeInPixels(displaySizeSpecified);
						       ^
  required: no arguments
  found: Object
  reason: actual and formal argument lists differ in length
./GameFramework/Controls/ControlBuilder.java:1401: error: incompatible types: Runnable cannot be converted to Consumer<UniverseWorldPlaceEntities>
			new ActorAction[] { new ActorAction("Back", back) },
			                                            ^
./GameFramework/Controls/ControlBuilder.java:1440: error: cannot infer type for local variable venueNext
			var venueNext;
			    ^
  (cannot use 'var' on variable without initializer)
./GameFramework/Controls/ControlBuilder.java:1441: error: cannot find symbol
			if (slideIndexNext < controlsForSlides.length)
			                                      ^
  symbol:   variable length
  location: variable controlsForSlides of type ArrayList<Object>
./GameFramework/Controls/ControlBuilder.java:1443: error: incompatible types: Double cannot be converted to int
				var controlForSlideNext = controlsForSlides[slideIndexNext];
				                                            ^
./GameFramework/Controls/ControlBuilder.java:1443: error: array required, but ArrayList<Object> found
				var controlForSlideNext = controlsForSlides[slideIndexNext];
				                                           ^
./GameFramework/Controls/ControlBuilder.java:1471: error: cannot find symbol
			var next = nextDefn.bind(this, i + 1);
			                   ^
  symbol:   method bind(ControlBuilder,int)
  location: variable nextDefn of type Consumer<Double>
./GameFramework/Controls/ControlBuilder.java:1486: error: cannot find symbol
						DataBinding.fromContext<Visual>
						           ^
  symbol:   variable fromContext
  location: class DataBinding
./GameFramework/Controls/ControlBuilder.java:1486: error: cannot find symbol
						DataBinding.fromContext<Visual>
						                        ^
  symbol:   variable Visual
  location: class ControlBuilder
./GameFramework/Controls/ControlBuilder.java:1488: error: cannot find symbol
							new VisualImageScaled
							    ^
  symbol:   class VisualImageScaled
  location: class ControlBuilder
./GameFramework/Controls/ControlBuilder.java:1535: error: incompatible types: Object cannot be converted to ControlBase
		return controlsForSlides.get(0);
		                            ^
./GameFramework/Controls/ControlBuilder.java:1556: error: cannot find symbol
			var venueTask = new VenueTask
			                    ^
  symbol:   class VenueTask
  location: class ControlBuilder
./GameFramework/Controls/ControlBuilder.java:1561: error: variable universe is already defined in method title(Universe,Coords)
				(Universe universe, Object result) -> // done
				          ^
./GameFramework/Controls/ControlBuilder.java:1563: error: cannot find symbol
					var venueProfileSelect = result.toVenue();
					                               ^
  symbol:   method toVenue()
  location: variable result of type Object
./GameFramework/Controls/ControlBuilder.java:1582: error: cannot find symbol
				new VisualImageScaled
				    ^
  symbol:   class VisualImageScaled
  location: class ControlBuilder
./GameFramework/Controls/ControlBuilder.java:1621: error: incompatible types: Runnable cannot be converted to Consumer<UniverseWorldPlaceEntities>
				new ActorAction( ControlActionNames.Instances().ControlCancel, start ),
				                                                               ^
./GameFramework/Controls/ControlBuilder.java:1622: error: incompatible types: Runnable cannot be converted to Consumer<UniverseWorldPlaceEntities>
				new ActorAction( ControlActionNames.Instances().ControlConfirm, start )
				                                                                ^
./GameFramework/Controls/ControlBuilder.java:1721: error: variable world is already defined in method worldDetail(Universe,Coords,Venue)
						var world = universe.world;
						    ^
./GameFramework/Controls/ControlBuilder.java:1738: error: incompatible types: incompatible parameter types in lambda expression
								() -> // acknowledge
								^
./GameFramework/Controls/ControlBuilder.java:1757: error: incompatible types: VenueVideo cannot be converted to Venue
							venueNext = venueMovie;
							            ^
./GameFramework/Controls/ControlBuilder.java:1864: error: cannot find symbol
				(VenueTask c) -> "Loading game..."
				 ^
  symbol:   class VenueTask
  location: class ControlBuilder
./GameFramework/Controls/ControlBuilder.java:1872: error: cannot find symbol
			var venueTask = new VenueTask
			                    ^
  symbol:   class VenueTask
  location: class ControlBuilder
./GameFramework/Controls/ControlBuilder.java:1878: error: cannot find symbol
					var saveStateSelected = profile.saveStateSelected;
					                               ^
  symbol:   variable saveStateSelected
  location: variable profile of type Profile
./GameFramework/Controls/ControlBuilder.java:1881: error: variable universe is already defined in method worldLoad(Universe,Coords)
				(Universe universe, SaveState saveStateReloaded) -> // done
				          ^
./GameFramework/Controls/ControlBuilder.java:1957: error: incompatible types: incompatible parameter types in lambda expression
						(Profile c) -> c.saveStateSelected(),
						                                  ^
./GameFramework/Controls/ControlBuilder.java:1977: error: incompatible types: Runnable cannot be converted to Consumer<UniverseWorldPlaceEntities>
							confirm, cancel
							^
./GameFramework/Controls/ControlBuilder.java:1998: error: cannot find symbol
						var venueFileUpload = new VenueFileUpload(null, null);
						                          ^
  symbol:   class VenueFileUpload
  location: class ControlBuilder
./GameFramework/Controls/ControlBuilder.java:2006: error: incompatible types: incompatible parameter types in lambda expression
								() -> // acknowledge
								^
./GameFramework/Controls/ControlBuilder.java:2051: error: incompatible types: incompatible parameter types in lambda expression
							() -> // acknowlege
							^
./GameFramework/Display/DisplayRecorder.java:29: error: cannot find symbol
		this.framesRecordedAsArrayBuffers = new ArrayList<ArrayBuffer>();
		                                        ^
  symbol:   class ArrayList
  location: class DisplayRecorder
./GameFramework/Display/DisplayRecorder.java:29: error: cannot find symbol
		this.framesRecordedAsArrayBuffers = new ArrayList<ArrayBuffer>();
		                                                  ^
  symbol:   class ArrayBuffer
  location: class DisplayRecorder
./GameFramework/Display/DisplayRecorder.java:40: error: cannot find symbol
			DisplayRecorder.actionStartStopPerform
			               ^
  symbol:   variable actionStartStopPerform
  location: class DisplayRecorder
./GameFramework/Display/DisplayRecorder.java:64: error: method clear in class ArrayHelper cannot be applied to given types;
		ArrayHelper.clear(this.framesRecordedAsArrayBuffers);
		           ^
  required: List<T>
  found: Object[]
  reason: cannot infer type-variable(s) T
    (argument mismatch; Object[] cannot be converted to List<T>)
  where T is a type-variable:
    T extends Object declared in method <T>clear(List<T>)
./GameFramework/Display/DisplayRecorder.java:74: error: cannot find symbol
			framesRecorded.removeAt(0);
			              ^
  symbol:   method removeAt(int)
  location: variable framesRecorded of type Object[]
./GameFramework/Display/DisplayRecorder.java:101: error: cannot find symbol
		var universeName = universe.name.split(" ").join("_");
		                                           ^
  symbol:   method join(String)
  location: class String[]
./GameFramework/Display/DisplayRecorder.java:104: error: cannot find symbol
		var framesRecordedAsTarFile = TarFile.create(fileNameToSaveAs);
		                              ^
  symbol:   variable TarFile
  location: class DisplayRecorder
./GameFramework/Display/DisplayRecorder.java:140: error: cannot find symbol
		var scriptAsBytes = ByteHelper.stringUTF8ToBytes(script);
		                    ^
  symbol:   variable ByteHelper
  location: class DisplayRecorder
./GameFramework/Display/DisplayRecorder.java:142: error: cannot find symbol
			TarFileEntry.fileNew("PngsToGif.sh", scriptAsBytes);
			^
  symbol:   variable TarFileEntry
  location: class DisplayRecorder
./GameFramework/Model/EntityBuilder.java:15: error: cannot find symbol
		var visual = VisualText.fromTextAndColor(text, color);
		             ^
  symbol:   variable VisualText
  location: class EntityBuilder
./GameFramework/Model/EntityBuilder.java:25: error: cannot find symbol
				new Ephemeral(ticksToLive, null),
				    ^
  symbol:   class Ephemeral
  location: class EntityBuilder
./GameFramework/Input/InputHelper.java:14: error: InputHelper is not abstract and does not override abstract method keyTyped(KeyEvent) in KeyListener
public class InputHelper
       ^
./GameFramework/Input/InputHelper.java:129: error: cannot find symbol
		return this.inputsPressed.stream().filter( (x) -> x.isActive ).toList();
		                                                              ^
  symbol:   method toList()
  location: interface Stream<Input>
./GameFramework/Input/InputHelper.java:271: error: bad operand types for binary operator '>='
		else if (inputReleased >= "0" && inputReleased <= "9")
		                       ^
  first type:  String
  second type: String
./GameFramework/Input/InputHelper.java:271: error: bad operand types for binary operator '<='
		else if (inputReleased >= "0" && inputReleased <= "9")
		                                               ^
  first type:  String
  second type: String
./GameFramework/Profiles/Profile.java:44: error: cannot find symbol
		).toList().get(0);
		 ^
  symbol:   method toList()
  location: interface Stream<SaveState>
./GameFramework/Profiles/Profile.java:121: error: incompatible types: DataBinding<VenueTask,String> cannot be converted to DataBinding<Object,String>
					messageAsDataBinding
					^
./GameFramework/Profiles/Profile.java:131: error: variable universe is already defined in method toControlSaveStateLoadOrSave(Universe,Coords,Venue,boolean)
					(Universe universe, SaveState saveStateSelected) -> // done
					          ^
./GameFramework/Profiles/Profile.java:165: error: cannot find symbol
			var displaySize = universe.display.sizeInPixels;
			                                  ^
  symbol:   variable sizeInPixels
  location: variable display of type Display
./GameFramework/Profiles/Profile.java:172: error: cannot find symbol
			var displayThumbnail = Display2D.fromSizeAndIsInvisible
			                                ^
  symbol:   method fromSizeAndIsInvisible(Coords,boolean)
  location: class Display2D
./GameFramework/Profiles/Profile.java:183: error: cannot infer type for local variable imageThumbnail
			var imageThumbnail = new Image2("Snapshot", imageThumbnailAsDataUrl).unload();
			    ^
  (variable initializer is 'void')
./GameFramework/Profiles/Profile.java:186: error: variable saveState is already defined in method toControlSaveStateLoadOrSave(Universe,Coords,Venue,boolean)
			var saveState = new SaveState
			    ^
./GameFramework/Profiles/Profile.java:198: error: cannot infer type for local variable wasSaveSuccessful
			var wasSaveSuccessful;
			    ^
  (cannot use 'var' on variable without initializer)
./GameFramework/Profiles/Profile.java:202: error: cannot find symbol
				if (profile.saveStates.some(x -> x.name == saveStateName) == false)
				                      ^
  symbol:   method some((x)->x.nam[...]eName)
  location: variable saveStates of type List<SaveState>
./GameFramework/Profiles/Profile.java:209: error: cannot find symbol
				if (Arrays.asList(profileNames.indexOf(profile.name)) == -1)
				                              ^
  symbol:   method indexOf(String)
  location: variable profileNames of type Object
./GameFramework/Profiles/Profile.java:211: error: cannot find symbol
					profileNames.add(profile.name);
					            ^
  symbol:   method add(String)
  location: variable profileNames of type Object
./GameFramework/Profiles/Profile.java:222: error: incompatible types: bad return type in lambda expression
			return wasSaveSuccessful;
			       ^
    unexpected return value
./GameFramework/Profiles/Profile.java:239: error: incompatible types: incompatible parameter types in lambda expression
				() -> // acknowledge
				^
./GameFramework/Profiles/Profile.java:225: error: incompatible types: incompatible parameter types in lambda expression
		Consumer<Boolean> saveToLocalStorageDone = (boolean wasSaveSuccessful) ->
		                                           ^
./GameFramework/Profiles/Profile.java:272: error: incompatible types: DataBinding<VenueTask,String> cannot be converted to DataBinding<Object,String>
				messageAsDataBinding
				^
./GameFramework/Profiles/Profile.java:279: error: variable universe is already defined in method toControlSaveStateLoadOrSave(Universe,Coords,Venue,boolean)
				(Universe universe, Object result) -> // done
				          ^
./GameFramework/Profiles/Profile.java:281: error: cannot find symbol
					saveToLocalStorageDone(result);
					^
  symbol:   method saveToLocalStorageDone(Object)
  location: class Profile
error: incompatible types: bad return type in lambda expression
    unexpected return value
./GameFramework/Profiles/Profile.java:301: error: incompatible types: <null> cannot be converted to boolean
					var worldSerialized = universe.serializer.serialize(world, null);
					                                                           ^
./GameFramework/Profiles/Profile.java:303: error: compressor has private access in StorageHelper
					var compressor = universe.storageHelper.compressor;
					                                       ^
./GameFramework/Profiles/Profile.java:308: error: variable universe is already defined in method toControlSaveStateLoadOrSave(Universe,Coords,Venue,boolean)
				(Universe universe, int[] worldCompressedAsBytes) -> // done
				          ^
./GameFramework/Profiles/Profile.java:316: error: cannot find symbol
					new FileHelper().saveBytesToFileWithName
					    ^
  symbol:   class FileHelper
  location: class Profile
./GameFramework/Profiles/Profile.java:326: error: incompatible types: incompatible parameter types in lambda expression
						() -> // acknowledge
						^
./GameFramework/Profiles/Profile.java:341: error: variable venueMessage is already defined in method toControlSaveStateLoadOrSave(Universe,Coords,Venue,boolean)
					var venueMessage = controlMessage.toVenue();
					    ^
./GameFramework/Profiles/Profile.java:355: error: cannot infer type for local variable loadFromFile
		var loadFromFile = () -> // click
		    ^
  (lambda expression needs an explicit target-type)
./GameFramework/Profiles/Profile.java:471: error: incompatible types: Runnable cannot be converted to Consumer<UniverseWorldPlaceEntities>
				deleteSaveSelectedConfirm,
				^
./GameFramework/Profiles/Profile.java:485: error: cannot find symbol
			deleteSaveSelectedConfirm();
			^
  symbol:   method deleteSaveSelectedConfirm()
  location: class Profile
./GameFramework/Profiles/Profile.java:486: error: cannot find symbol
			saveToLocalStorageAsNewSlot();
			^
  symbol:   method saveToLocalStorageAsNewSlot()
  location: class Profile
./GameFramework/Profiles/Profile.java:502: error: incompatible types: DataBinding<Object,Boolean> cannot be converted to boolean
					DataBinding.fromTrue(), // isTextCentered
					                    ^
./GameFramework/Profiles/Profile.java:544: error: incompatible types: incompatible parameter types in lambda expression
						(Profile c) -> c.saveStateSelected(),
						                                  ^
./GameFramework/Profiles/Profile.java:568: error: incompatible types: inference variable C has incompatible equality constraints Object,Profile
				new ControlButton
				^
  where C,V are type-variables:
    C extends Object declared in method <C,V>fromContextAndGet(C,Function<C,V>)
    V extends Object declared in method <C,V>fromContextAndGet(C,Function<C,V>)
./GameFramework/Profiles/Profile.java:620: error: incompatible types: inference variable C has incompatible equality constraints Object,Profile
				ControlVisual.from5
				             ^
  where C,V are type-variables:
    C extends Object declared in method <C,V>fromContextAndGet(C,Function<C,V>)
    V extends Object declared in method <C,V>fromContextAndGet(C,Function<C,V>)
./GameFramework/Profiles/Profile.java:634: error: incompatible types for ?: neither is a subtype of the other
								? null
								^
  second operand: <null>
  third operand : void
./GameFramework/Profiles/Profile.java:631: error: cannot infer type for local variable saveStateImageSnapshot
							var saveStateImageSnapshot =
							    ^
  (variable initializer is 'null')
./GameFramework/Profiles/Profile.java:637: error: variable returnValue is already defined in method toControlSaveStateLoadOrSave(Universe,Coords,Venue,boolean)
							var returnValue =
							    ^
./GameFramework/Profiles/Profile.java:697: error: variable returnValue is already defined in method toControlSaveStateLoadOrSave(Universe,Coords,Venue,boolean)
							var returnValue =
							    ^
./GameFramework/Profiles/Profile.java:732: error: method from8 in class ControlButton cannot be applied to given types;
				ControlButton.from8
				             ^
  required: String,Coords,Coords,String,double,boolean,DataBinding<T,Boolean>,Runnable
  found: String,Coords,Coords,String,double,boolean,boolean,Runnable
  reason: cannot infer type-variable(s) T
    (argument mismatch; boolean cannot be converted to DataBinding<T,Boolean>)
  where T is a type-variable:
    T extends Object declared in method <T>from8(String,Coords,Coords,String,double,boolean,DataBinding<T,Boolean>,Runnable)
./GameFramework/Profiles/Profile.java:797: error: incompatible types: incompatible parameter types in lambda expression
						(Profile c) -> c.name,
						^
./GameFramework/Profiles/Profile.java:817: error: cannot find symbol
						(Profile c) -> { return c.name.length > 0; }
						                              ^
  symbol:   variable length
  location: variable name of type String
./GameFramework/Profiles/Profile.java:840: error: cannot find symbol
						profileNames.add(profileName);
						            ^
  symbol:   method add(String)
  location: variable profileNames of type Object
./GameFramework/Profiles/Profile.java:901: error: incompatible types: Object cannot be converted to List<String>
		List<String> profileNames = storageHelper.load("ProfileNames");
		                                              ^
./GameFramework/Profiles/Profile.java:907: error: cannot find symbol
		var profiles = profileNames.map(x -> storageHelper.load(x));
		                           ^
  symbol:   method map((x)->stora[...]ad(x))
  location: variable profileNames of type List<String>
./GameFramework/Profiles/Profile.java:920: error: cannot find symbol
			var controlRootAsContainer = (ControlContainer)(venueControls.controlRoot);
			                                                             ^
  symbol:   variable controlRoot
  location: variable venueControls of type Venue
./GameFramework/Profiles/Profile.java:920: error: illegal parenthesized expression
			var controlRootAsContainer = (ControlContainer)(venueControls.controlRoot);
			                                               ^
./GameFramework/Profiles/Profile.java:943: error: variable storageHelper is already defined in method toControlProfileSelect(Universe,Coords,Venue)
			var storageHelper = universe.storageHelper;
			    ^
./GameFramework/Profiles/Profile.java:945: error: variable profileNames is already defined in method toControlProfileSelect(Universe,Coords,Venue)
			var profileNames = storageHelper.load("ProfileNames");
			    ^
./GameFramework/Profiles/Profile.java:946: error: method remove in class ArrayHelper cannot be applied to given types;
			ArrayHelper.remove(profileNames, profileSelected.name);
			           ^
  required: List<T>,T
  found: Object,String
  reason: cannot infer type-variable(s) T
    (argument mismatch; Object cannot be converted to List<T>)
  where T is a type-variable:
    T extends Object declared in method <T>remove(List<T>,T)
./GameFramework/Profiles/Profile.java:963: error: incompatible types: Runnable cannot be converted to Consumer<UniverseWorldPlaceEntities>
					deleteProfileConfirm,
					^
./GameFramework/Profiles/Profile.java:1005: error: incompatible types: incompatible parameter types in lambda expression
						(Universe c) -> c.profile,
						^
./GameFramework/Profiles/Profile.java:1043: error: method from8 in class ControlButton cannot be applied to given types;
				ControlButton.from8
				             ^
  required: String,Coords,Coords,String,double,boolean,DataBinding<T,Boolean>,Runnable
  found: String,Coords,Coords,String,double,boolean,boolean,()->{ univ[...]e); }
  reason: cannot infer type-variable(s) T
    (argument mismatch; boolean cannot be converted to DataBinding<T,Boolean>)
  where T is a type-variable:
    T extends Object declared in method <T>from8(String,Coords,Coords,String,double,boolean,DataBinding<T,Boolean>,Runnable)
./GameFramework/Profiles/Profile.java:1059: error: method from8 in class ControlButton cannot be applied to given types;
				ControlButton.from8
				             ^
  required: String,Coords,Coords,String,double,boolean,DataBinding<T,Boolean>,Runnable
  found: String,Coords,Coords,String,double,boolean,boolean,Runnable
  reason: cannot infer type-variable(s) T
    (argument mismatch; boolean cannot be converted to DataBinding<T,Boolean>)
  where T is a type-variable:
    T extends Object declared in method <T>from8(String,Coords,Coords,String,double,boolean,DataBinding<T,Boolean>,Runnable)
./GameFramework/Profiles/Profile.java:1071: error: method from8 in class ControlButton cannot be applied to given types;
				ControlButton.from8
				             ^
  required: String,Coords,Coords,String,double,boolean,DataBinding<T,Boolean>,Runnable
  found: String,Coords,Coords,String,double,boolean,boolean,()->{  ven[...]xt; }
  reason: cannot infer type-variable(s) T
    (argument mismatch; boolean cannot be converted to DataBinding<T,Boolean>)
  where T is a type-variable:
    T extends Object declared in method <T>from8(String,Coords,Coords,String,double,boolean,DataBinding<T,Boolean>,Runnable)
./GameFramework/Profiles/Profile.java:1103: error: incompatible types: DataBinding<VenueTask,String> cannot be converted to DataBinding<Object,String>
			VenueMessage.fromMessage(messageAsDataBinding);
			                         ^
./GameFramework/Input/ActionToInputsMapping.java:51: error: cannot find symbol
			ArrayHelper.clone(this.inputNames),
			^
  symbol:   variable ArrayHelper
  location: class ActionToInputsMapping
./GameFramework/Input/ActionToInputsMapping.java:59: error: cannot find symbol
		ArrayHelper.overwriteWith(this.inputNames, other.inputNames);
		^
  symbol:   variable ArrayHelper
  location: class ActionToInputsMapping
./GameFramework/Controls/VenueControls.java:32: error: bad operand types for binary operator '!='
			ignoreKeyboardAndGamepadInputs != null
			                               ^
  first type:  boolean
  second type: <null>
./GameFramework/Controls/VenueControls.java:37: error: wrong number of type arguments; required 1
		Consumer<String,String[]> buildGamepadInputs = (String inputName) ->
		        ^
./GameFramework/Controls/VenueControls.java:73: error: cannot find symbol
					buildGamepadInputs(inputNames.GamepadMoveLeft)
					^
  symbol:   method buildGamepadInputs(String)
  location: class VenueControls
./GameFramework/Controls/VenueControls.java:86: error: cannot find symbol
						buildGamepadInputs(inputNames.GamepadMoveRight)
						^
  symbol:   method buildGamepadInputs(String)
  location: class VenueControls
./GameFramework/Controls/VenueControls.java:97: error: cannot find symbol
					buildGamepadInputs(inputNames.GamepadMoveUp)
					^
  symbol:   method buildGamepadInputs(String)
  location: class VenueControls
./GameFramework/Controls/VenueControls.java:107: error: cannot find symbol
					buildGamepadInputs(inputNames.GamepadButton1)
					^
  symbol:   method buildGamepadInputs(String)
  location: class VenueControls
./GameFramework/Controls/VenueControls.java:117: error: cannot find symbol
					buildGamepadInputs(inputNames.GamepadButton0)
					^
  symbol:   method buildGamepadInputs(String)
  location: class VenueControls
./GameFramework/Controls/VenueControls.java:56: error: no suitable constructor found for ArrayList(ActionToInputsMapping,ActionToInputsMapping,ActionToInputsMapping,ActionToInputsMapping,ActionToInputsMapping,ActionToInputsMapping)
		this.actionToInputsMappings = new ArrayList<ActionToInputsMapping>
		                              ^
    constructor ArrayList.ArrayList(int) is not applicable
      (actual and formal argument lists differ in length)
    constructor ArrayList.ArrayList() is not applicable
      (actual and formal argument lists differ in length)
    constructor ArrayList.ArrayList(Collection<? extends ActionToInputsMapping>) is not applicable
      (actual and formal argument lists differ in length)
./GameFramework/Controls/VenueControls.java:125: error: method clear in class ArrayHelper cannot be applied to given types;
			ArrayHelper.clear(this.actionToInputsMappings);
			           ^
  required: List<T>
  found: ActionToInputsMapping[]
  reason: cannot infer type-variable(s) T
    (argument mismatch; ActionToInputsMapping[] cannot be converted to List<T>)
  where T is a type-variable:
    T extends Object declared in method <T>clear(List<T>)
./GameFramework/Controls/VenueControls.java:128: error: cannot find symbol
		var mappingsGet = this.controlRoot.actionToInputsMappings;
		                                  ^
  symbol:   variable actionToInputsMappings
  location: variable controlRoot of type ControlBase
./GameFramework/Controls/VenueControls.java:135: error: cannot find symbol
		this.actionToInputsMappingsByInputName = ArrayHelper.addLookupsMultiple
		                                                    ^
  symbol:   method addLookupsMultiple(ActionToInputsMapping[],(ActionToI[...]Names)
  location: class ArrayHelper
./GameFramework/Geometry/Rotation.java:20: error: incompatible types: Object cannot be converted to double
		return this.angleInTurnsRef.get();
		                               ^
./GameFramework/Model/Places/Place.java:297: error: method toControl in class Controllable cannot be applied to given types;
		var returnValue = playerControllable.toControl
		                                    ^
  required: UniverseWorldPlaceEntities
  found: Universe,Coords,Entity,<null>,boolean
  reason: actual and formal argument lists differ in length
./GameFramework/Model/Places/Place.java:335: error: cannot find symbol
		return this.entitiesByPropertyName(Item.class.getName());
		                                   ^
  symbol:   class Item
  location: class Place
./GameFramework/Model/Places/Place.java:345: error: cannot find symbol
		return this.entitiesByPropertyName(Movable.class.getName());
		                                   ^
  symbol:   class Movable
  location: class Place
./GameFramework/Model/Places/Place.java:355: error: cannot find symbol
		return this.entitiesByPropertyName(Usable.class.getName());
		                                   ^
  symbol:   class Usable
  location: class Place
./GameFramework/Model/Entity.java:29: error: incompatible types: HashMap<String,Object> cannot be converted to Map<String,EntityProperty>
		this.propertiesByName = new HashMap<String, Object>();
		                        ^
./GameFramework/Model/Entity.java:33: error: package property does not exist
			var propertyName = property.constructor.class.name;
			                           ^
./GameFramework/Model/Entity.java:45: error: cannot find symbol
			if (property.finalize != null)
			            ^
  symbol:   variable finalize
  location: variable property of type EntityProperty
./GameFramework/Model/Entity.java:60: error: cannot find symbol
			if (property.initialize != null)
			            ^
  symbol:   variable initialize
  location: variable property of type EntityProperty
./GameFramework/Model/Entity.java:75: error: cannot find symbol
		this.properties.push(propertyToAdd);
		               ^
  symbol:   method push(EntityProperty)
  location: variable properties of type EntityProperty[]
./GameFramework/Model/Entity.java:84: error: package propertyToAdd does not exist
				var propertyName = propertyToAdd.constructor.class.name;
				                                ^
./GameFramework/Model/Entity.java:102: error: cannot find symbol
		ArrayHelper.remove(this.properties, propertyToRemove);
		^
  symbol:   variable ArrayHelper
  location: class Entity
./GameFramework/Model/Entity.java:103: error: package propertyToRemove does not exist
		this.propertiesByName.delete(propertyToRemove.constructor.class.name);
		                                             ^
./GameFramework/Model/Entity.java:106: error: package propertyToRemove does not exist
			var propertyName = propertyToRemove.constructor.class.name;
			                                   ^
./GameFramework/Model/Entity.java:108: error: cannot find symbol
			ArrayHelper.remove(entitiesWithProperty, this);
			^
  symbol:   variable ArrayHelper
  location: class Entity
./GameFramework/Model/Entity.java:121: error: cannot find symbol
			if (property.finalize != null)
			            ^
  symbol:   variable finalize
  location: variable property of type EntityProperty
./GameFramework/Model/Entity.java:134: error: cannot find symbol
		var propertiesCloned = EntityProperty[this.properties.length];
		                       ^
  symbol:   variable EntityProperty
  location: class Entity
./GameFramework/Model/Entity.java:141: error: cannot find symbol
				propertyAsAny.clone == null
				             ^
  symbol:   variable clone
  location: variable propertyAsAny of type Object
./GameFramework/Model/Entity.java:143: error: clone() has protected access in Object
				: propertyAsAny.clone()
				               ^
./GameFramework/Model/Entity.java:160: error: cannot find symbol
			ArrayHelper.areEqual(this.properties, other.properties);
			^
  symbol:   variable ArrayHelper
  location: class Entity
./GameFramework/Model/Entity.java:173: error: name has private access in Class
	public Boundable boundable() { return (Boundable)(this.propertyByName(Boundable.class.name) ); }
	                                                                                     ^
./GameFramework/Model/Entity.java:174: error: name has private access in Class
	public Camera camera() { return (Camera)(this.propertyByName(Camera.class.name) ); }
	                                                                         ^
./GameFramework/Model/Entity.java:175: error: name has private access in Class
	public Collidable collidable() { return (Collidable)(this.propertyByName(Collidable.class.name) ); }
	                                                                                         ^
./GameFramework/Model/Entity.java:177: error: name has private access in Class
	public Controllable controllable() { return (Controllable)(this.propertyByName(Controllable.class.name) ); }
	                                                                                                 ^
./GameFramework/Model/Entity.java:180: error: name has private access in Class
	public Drawable drawable() { return (Drawable)(this.propertyByName(Drawable.class.name) ); }
	                                                                                 ^
./GameFramework/Model/Entity.java:183: error: name has private access in Class
	public EquipmentUser equipmentUser() { return (EquipmentUser)this.propertyByName(EquipmentUser.class.name); }
	                                                                                                    ^
./GameFramework/Model/Entity.java:187: error: name has private access in Class
	public Item item() { return (Item)(this.propertyByName(Item.class.name) ); }
	                                                                 ^
./GameFramework/Model/Entity.java:190: error: name has private access in Class
	public ItemDefn itemDefn() { return (ItemDefn)(this.propertyByName(ItemDefn.class.name) ); }
	                                                                                 ^
./GameFramework/Model/Entity.java:194: error: name has private access in Class
	public Killable killable() { return (Killable)(this.propertyByName(Killable.class.name) ); }
	                                                                                 ^
./GameFramework/Model/Entity.java:195: error: name has private access in Class
	public Loadable loadable() { return (Loadable)(this.propertyByName(Loadable.class.name) ); }
	                                                                                 ^
./GameFramework/Model/Entity.java:196: error: name has private access in Class
	public Locatable locatable() { return (Locatable)(this.propertyByName(Locatable.class.name) ); }
	                                                                                     ^
./GameFramework/Model/Entity.java:207: error: name has private access in Class
	public Selector selector() { return (Selector)this.propertyByName(Selector.class.name); }
	                                                                                ^
./GameFramework/Model/Places/PlaceDefn.java:39: error: no suitable method found for addLookupsByName(ActorAction[])
		this.actionsByName = ArrayHelper.addLookupsByName(this.actions);
		                                ^
    method ArrayHelper.<E#1>addLookupsByName(E#1[]) is not applicable
      (inference variable E#1 has incompatible bounds
        lower bounds: Namable
        lower bounds: ActorAction)
    method ArrayHelper.<E#2>addLookupsByName(List<E#2>) is not applicable
      (cannot infer type-variable(s) E#2
        (argument mismatch; ActorAction[] cannot be converted to List<E#2>))
  where E#1,E#2 are type-variables:
    E#1 extends Namable declared in method <E#1>addLookupsByName(E#1[])
    E#2 extends Namable declared in method <E#2>addLookupsByName(List<E#2>)
./GameFramework/Model/Places/PlaceDefn.java:46: error: no suitable method found for clone(ActionToInputsMapping[])
			ArrayHelper.clone(this.actionToInputsMappingsDefault);
			           ^
    method ArrayHelper.clone(double[]) is not applicable
      (argument mismatch; ActionToInputsMapping[] cannot be converted to double[])
    method ArrayHelper.<T#1>clone(T#1[]) is not applicable
      (inference variable T#1 has incompatible bounds
        lower bounds: Clonable<T#1>
        lower bounds: ActionToInputsMapping)
    method ArrayHelper.<T#2>clone(List<T#2>) is not applicable
      (cannot infer type-variable(s) T#2
        (argument mismatch; ActionToInputsMapping[] cannot be converted to List<T#2>))
  where T#1,T#2 are type-variables:
    T#1 extends Clonable<T#1> declared in method <T#1>clone(T#1[])
    T#2 extends Clonable<T#2> declared in method <T#2>clone(List<T#2>)
./GameFramework/Model/Places/PlaceDefn.java:48: error: no suitable method found for clone(ActionToInputsMapping[])
			ArrayHelper.clone(this.actionToInputsMappings);
			           ^
    method ArrayHelper.clone(double[]) is not applicable
      (argument mismatch; ActionToInputsMapping[] cannot be converted to double[])
    method ArrayHelper.<T#1>clone(T#1[]) is not applicable
      (inference variable T#1 has incompatible bounds
        lower bounds: Clonable<T#1>
        lower bounds: ActionToInputsMapping)
    method ArrayHelper.<T#2>clone(List<T#2>) is not applicable
      (cannot infer type-variable(s) T#2
        (argument mismatch; ActionToInputsMapping[] cannot be converted to List<T#2>))
  where T#1,T#2 are type-variables:
    T#1 extends Clonable<T#1> declared in method <T#1>clone(T#1[])
    T#2 extends Clonable<T#2> declared in method <T#2>clone(List<T#2>)
./GameFramework/Model/Places/PlaceDefn.java:50: error: cannot find symbol
		this.actionToInputsMappingsByInputName = ArrayHelper.addLookupsMultiple
		                                                    ^
  symbol:   method addLookupsMultiple(ActionToInputsMapping[],(ActionToI[...]Names)
  location: class ArrayHelper
./GameFramework/Model/Places/PlaceDefn.java:63: error: cannot find symbol
			new ActionToInputMapping[] {}, // actionToInputsMappings,
			    ^
  symbol:   class ActionToInputMapping
  location: class PlaceDefn
./GameFramework/Model/Places/PlaceDefn.java:90: error: no suitable method found for overwriteWith(ActionToInputsMapping[],ActionToInputsMapping[])
		ArrayHelper.overwriteWith
		           ^
    method ArrayHelper.overwriteWith(double[],double[]) is not applicable
      (argument mismatch; ActionToInputsMapping[] cannot be converted to double[])
    method ArrayHelper.<T#1>overwriteWith(T#1[],T#1[]) is not applicable
      (inference variable T#1 has incompatible bounds
        lower bounds: Clonable<T#1>
        lower bounds: ActionToInputsMapping)
    method ArrayHelper.<T#2>overwriteWith(List<T#2>,List<T#2>) is not applicable
      (cannot infer type-variable(s) T#2
        (argument mismatch; ActionToInputsMapping[] cannot be converted to List<T#2>))
  where T#1,T#2 are type-variables:
    T#1 extends Clonable<T#1> declared in method <T#1>overwriteWith(T#1[],T#1[])
    T#2 extends Clonable<T#2> declared in method <T#2>overwriteWith(List<T#2>,List<T#2>)
./GameFramework/Model/Places/PlaceDefn.java:101: error: no suitable method found for overwriteWith(ActionToInputsMapping[],ActionToInputsMapping[])
		ArrayHelper.overwriteWith
		           ^
    method ArrayHelper.overwriteWith(double[],double[]) is not applicable
      (argument mismatch; ActionToInputsMapping[] cannot be converted to double[])
    method ArrayHelper.<T#1>overwriteWith(T#1[],T#1[]) is not applicable
      (inference variable T#1 has incompatible bounds
        lower bounds: Clonable<T#1>
        lower bounds: ActionToInputsMapping)
    method ArrayHelper.<T#2>overwriteWith(List<T#2>,List<T#2>) is not applicable
      (cannot infer type-variable(s) T#2
        (argument mismatch; ActionToInputsMapping[] cannot be converted to List<T#2>))
  where T#1,T#2 are type-variables:
    T#1 extends Clonable<T#1> declared in method <T#1>overwriteWith(T#1[],T#1[])
    T#2 extends Clonable<T#2> declared in method <T#2>overwriteWith(List<T#2>,List<T#2>)
./GameFramework/Model/Places/PlaceDefn.java:110: error: no suitable method found for clone(ActionToInputsMapping[])
		this.actionToInputsMappings = ArrayHelper.clone
		                                         ^
    method ArrayHelper.clone(double[]) is not applicable
      (argument mismatch; ActionToInputsMapping[] cannot be converted to double[])
    method ArrayHelper.<T#1>clone(T#1[]) is not applicable
      (inference variable T#1 has incompatible bounds
        lower bounds: Clonable<T#1>
        lower bounds: ActionToInputsMapping)
    method ArrayHelper.<T#2>clone(List<T#2>) is not applicable
      (cannot infer type-variable(s) T#2
        (argument mismatch; ActionToInputsMapping[] cannot be converted to List<T#2>))
  where T#1,T#2 are type-variables:
    T#1 extends Clonable<T#1> declared in method <T#1>clone(T#1[])
    T#2 extends Clonable<T#2> declared in method <T#2>clone(List<T#2>)
./GameFramework/Model/Places/PlaceDefn.java:114: error: cannot find symbol
		this.actionToInputsMappingsByInputName = ArrayHelper.addLookupsMultiple
		                                                    ^
  symbol:   method addLookupsMultiple(ActionToInputsMapping[],(ActionToI[...]Names)
  location: class ArrayHelper
./GameFramework/Model/Places/PlaceDefn.java:125: error: cannot find symbol
			this._placeFinalize(uwpe);
			    ^
  symbol: method _placeFinalize(UniverseWorldPlaceEntities)
./GameFramework/Model/Places/PlaceDefn.java:133: error: cannot find symbol
			this._placeInitialize(uwpe);
			    ^
  symbol: method _placeInitialize(UniverseWorldPlaceEntities)
./GameFramework/Geometry/Collisions/CollisionTracker.java:30: error: cannot find symbol
			CollisionTracker.name,
			                ^
  symbol:   variable name
  location: class CollisionTracker
./GameFramework/Geometry/Collisions/CollisionTracker.java:38: error: incompatible types: ArrayList<CollisionTrackerMapCell> cannot be converted to CollisionTrackerMapCell[]
		this._cells = new ArrayList<CollisionTrackerMapCell>();
		              ^
./GameFramework/Geometry/Collisions/CollisionTracker.java:61: error: cannot find symbol
			entityBounds, ArrayHelper.clear(this._cells)
			              ^
  symbol:   variable ArrayHelper
  location: class CollisionTracker
./GameFramework/Geometry/Collisions/CollisionTracker.java:64: error: _collisionTrackerMapCellsOccupied has private access in Collidable
		entityCollidable._collisionTrackerMapCellsOccupied.addAll
		                ^
./GameFramework/Geometry/Collisions/CollisionTracker.java:82: error: cannot find symbol
						Debug.doNothing();
						^
  symbol:   variable Debug
  location: class CollisionTracker
./GameFramework/Geometry/Collisions/CollisionTracker.java:113: error: name has private access in Class
			CollisionTracker.class.name, new EntityProperty[] { this }
			                      ^
./GameFramework/Geometry/Collisions/CollisionTracker.java:125: error: cellSource has private access in MapOfCells
		var cellsAll = (CollisionTrackerMapCell[])this.collisionMap.cellSource;
		                                                           ^
./GameFramework/Geometry/Shapes/Maps/MapOfCells.java:49: error: incompatible types: bad type in conditional expression
			? cellSource
			  ^
    Object cannot be converted to Clonable
./GameFramework/Geometry/Shapes/Maps/MapOfCells.java:50: error: incompatible types: bad type in conditional expression
			: new ArrayList<T>()
			  ^
    ArrayList<T> cannot be converted to Clonable
  where T is a type-variable:
    T extends Object declared in class MapOfCells
./GameFramework/Geometry/Shapes/Maps/MapOfCells.java:85: error: incompatible types: Object cannot be converted to T
		(
		^
  where T is a type-variable:
    T extends Object declared in class MapOfCells
./GameFramework/Geometry/Shapes/Maps/MapOfCells.java:97: error: variable cell is already defined in method cellAtPosInCellsDefault(Triple<MapOfCells<T>,Coords,T>)
		var cell = ((T)(this.cellSource[cellIndex]));
		    ^
  where T is a type-variable:
    T extends Object declared in class MapOfCells
./GameFramework/Geometry/Shapes/Maps/MapOfCells.java:97: error: incompatible types: possible lossy conversion from double to int
		var cell = ((T)(this.cellSource[cellIndex]));
		                                ^
./GameFramework/Geometry/Shapes/Maps/MapOfCells.java:97: error: array required, but Clonable found
		var cell = ((T)(this.cellSource[cellIndex]));
		                               ^
./GameFramework/Geometry/Shapes/Maps/MapOfCells.java:101: error: incompatible types: possible lossy conversion from double to int
			this.cellSource[cellIndex] = cell;
			                ^
./GameFramework/Geometry/Shapes/Maps/MapOfCells.java:101: error: array required, but Clonable found
			this.cellSource[cellIndex] = cell;
			               ^
./GameFramework/Geometry/Shapes/Maps/MapOfCells.java:108: error: cannot find symbol
		return this._cellCreate.call();
		                       ^
  symbol:   method call()
  location: variable _cellCreate of type Supplier<T>
  where T is a type-variable:
    T extends Object declared in class MapOfCells
./GameFramework/Geometry/Shapes/Maps/MapOfCells.java:113: error: incompatible types: possible lossy conversion from double to int
		return this.sizeInCells.x * this.sizeInCells.y;
		                          ^
./GameFramework/Geometry/Shapes/Maps/MapOfCells.java:118: error: cannot find symbol
		ArrayHelper.clear(cellsInBox);
		^
  symbol:   variable ArrayHelper
  location: class MapOfCells<T>
  where T is a type-variable:
    T extends Object declared in class MapOfCells
./GameFramework/Geometry/Shapes/Maps/MapOfCells.java:178: error: cannot find symbol
				var cellAsEntity = mapAndCellPosToEntity(this, cellPosInCells);
				                   ^
  symbol:   method mapAndCellPosToEntity(MapOfCells<T>,Coords)
  location: class MapOfCells<T>
  where T is a type-variable:
    T extends Object declared in class MapOfCells
./GameFramework/Geometry/Shapes/Maps/MapOfCells.java:184: error: incompatible types: ArrayList<Entity> cannot be converted to Entity[]
		return returnValues;
		       ^
./GameFramework/Geometry/Collisions/Collision.java:68: error: cannot find symbol
		this.normals.stream().forEach(x -> x.clear());
		            ^
  symbol:   method stream()
  location: variable normals of type Coords[]
./GameFramework/Geometry/Collisions/Collision.java:70: error: incompatible types: <null> cannot be converted to double
		this.distanceToCollision = null;
		                           ^
./GameFramework/Geometry/Collisions/Collision.java:86: error: method equals in class Object cannot be applied to given types;
					&& ArrayHelper.equals(this.colliders, other.colliders)
					              ^
  required: Object
  found: List<ShapeBase>,List<ShapeBase>
  reason: actual and formal argument lists differ in length
./GameFramework/Geometry/Collisions/Collision.java:116: error: incompatible types: possible lossy conversion from double to int
		return this.distanceToCollision - other.distanceToCollision;
		                                ^
./GameFramework/Geometry/Shapes/Box.java:10: error: Box is not abstract and does not override abstract method overwriteWith(ShapeBase) in Clonable
public class Box implements ShapeBase
       ^
./GameFramework/Geometry/Shapes/Box.java:159: error: cannot infer type for local variable returnValue
		var returnValue = null;
		    ^
  (variable initializer is 'null')
./GameFramework/Geometry/Shapes/Box.java:394: error: cannot infer type for local variable dimensionIndex
		var dimensionIndex = null;
		    ^
  (variable initializer is 'null')
./GameFramework/Geometry/Shapes/Box.java:410: error: incompatible types: possible lossy conversion from double to int
					displacementDimensionOverSizeHalfAbsolute;
					^
./GameFramework/Geometry/Transforms/Transforms.java:28: error: invalid method declaration; return type required
	public static applyTransformToCoordsMany
	              ^
./GameFramework/Geometry/Shapes/Box.java:463: error: cannot find symbol
		Transforms.applyTransformToCoordsMObject
		          ^
  symbol:   method applyTransformToCoordsMObject(Transform,Coords[])
  location: class Transforms
./GameFramework/Model/Actors/ActorAction.java:25: error: cannot find symbol
		this._perform(uwpe);
		    ^
  symbol: method _perform(UniverseWorldPlaceEntities)
./GameFramework/Model/Actors/ActorAction.java:71: error: cannot find symbol
					universe, universe.display.sizeInPixels, actor,
					                          ^
  symbol:   variable sizeInPixels
  location: variable display of type Display
./GameFramework/Model/Actors/ActorAction.java:75: error: cannot find symbol
				venueNext = VenueFader.fromVenuesToAndFrom
				            ^
  symbol:   variable VenueFader
  location: class ActorAction_Instances
./GameFramework/Model/Actors/ActorAction.java:93: error: cannot find symbol
				venueNext = VenueFader.fromVenuesToAndFrom
				            ^
  symbol:   variable VenueFader
  location: class ActorAction_Instances
./GameFramework/Geometry/Camera.java:47: error: cannot find symbol
		this.entitiesInView = new Array<Entity>();
		                          ^
  symbol:   class Array
  location: class Camera
./GameFramework/Geometry/Camera.java:69: error: cannot find symbol
				new Plane(Coords._create(), 0),
				                ^
  symbol:   method _create()
  location: class Coords
./GameFramework/Geometry/Camera.java:70: error: cannot find symbol
				new Plane(Coords._create(), 0),
				                ^
  symbol:   method _create()
  location: class Coords
./GameFramework/Geometry/Camera.java:71: error: cannot find symbol
				new Plane(Coords._create(), 0),
				                ^
  symbol:   method _create()
  location: class Coords
./GameFramework/Geometry/Camera.java:72: error: cannot find symbol
				new Plane(Coords._create(), 0),
				                ^
  symbol:   method _create()
  location: class Coords
./GameFramework/Geometry/Camera.java:194: error: bad operand types for binary operator '!='
		if (this.focalLength != null)
		                     ^
  first type:  double
  second type: <null>
./GameFramework/Geometry/Camera.java:222: error: incompatible types: List<Entity> cannot be converted to Entity[]
			place, cameraEntity, universe.collisionHelper, this.entitiesInView
			                                                   ^
./GameFramework/Geometry/Camera.java:241: error: incompatible types: List<Entity> cannot be converted to Entity[]
			(
			^
./GameFramework/Geometry/Camera.java:248: error: incompatible types: List<Entity> cannot be converted to Entity[]
			(
			^
./GameFramework/Geometry/Camera.java:253: error: incompatible types: Entity[] cannot be converted to List<Entity>
		return entitiesInView;
		       ^
./GameFramework/Geometry/Camera.java:264: error: cannot find symbol
		cameraCollidable.entitiesAlreadyCollidedWith.length = 0;
		                                            ^
  symbol:   variable length
  location: variable entitiesAlreadyCollidedWith of type List<Entity>
./GameFramework/Geometry/Camera.java:267: error: cannot find symbol
			cameraEntity, collisionHelper, new Array<Collision>()
			                                   ^
  symbol:   class Array
  location: class Camera
./GameFramework/Geometry/Camera.java:270: error: variable entitiesInView is already defined in method drawEntitiesInView_1_FindEntitiesInView_WithTracker(Place,Entity,CollisionHelper,Entity[],CollisionTracker)
		var entitiesInView = entitiesCollidedWith.filter(x -> x.drawable() != null);
		    ^
./GameFramework/Geometry/Camera.java:274: error: cannot find symbol
		var drawablesUnboundable = drawablesAll.filter(x -> x.boundable() == null);
		                                       ^
  symbol:   method filter((x)->x.bou[...] null)
  location: variable drawablesAll of type List<Entity>
./GameFramework/Geometry/Camera.java:285: error: cannot assign a value to final variable length
		entitiesInView.length = 0;
		              ^
./GameFramework/Geometry/Camera.java:289: error: cannot find symbol
		for (var i = 0; i < placeEntitiesDrawable.length; i++)
		                                         ^
  symbol:   variable length
  location: variable placeEntitiesDrawable of type List<Entity>
./GameFramework/Geometry/Camera.java:291: error: array required, but List<Entity> found
			var entity = placeEntitiesDrawable[i];
			                                  ^
./GameFramework/Geometry/Camera.java:293: error: illegal parenthesized expression
			if (drawable.isVisible)
			   ^
./GameFramework/Geometry/Camera.java:324: error: incompatible types: Entity[] cannot be converted to List<Entity>
		return entitiesInView;
		       ^
./GameFramework/Geometry/Camera.java:333: error: incompatible types: List<Entity> cannot be converted to Entity[]
		this.entitiesInViewSort(entitiesInView);
		                        ^
./GameFramework/Geometry/Camera.java:335: error: cannot find symbol
		for (var i = 0; i < entitiesInView.length; i++)
		                                  ^
  symbol:   variable length
  location: variable entitiesInView of type List<Entity>
./GameFramework/Geometry/Camera.java:337: error: array required, but List<Entity> found
			var entity = entitiesInView[i];
			                           ^
./GameFramework/Geometry/Camera.java:356: error: cannot infer type for local variable entitiesSorted
		var entitiesSorted = null;
		    ^
  (variable initializer is 'null')
./GameFramework/Geometry/Camera.java:364: error: cannot find symbol
			entitiesSorted = this._entitiesInViewSort(entitiesToSort);
			                     ^
  symbol: method _entitiesInViewSort(Entity[])
./GameFramework/Geometry/Camera.java:372: error: cannot find symbol
		return new Entity(Camera.name, new EntityProperty[] { this } );
		                        ^
  symbol:   variable name
  location: class Camera
./GameFramework/Model/Physics/Collidable.java:47: error: clone() has protected access in Object
		this.collider = this.colliderAtRest.clone();
		                                   ^
./GameFramework/Model/Physics/Collidable.java:47: error: incompatible types: Object cannot be converted to ShapeBase
		this.collider = this.colliderAtRest.clone();
		                                         ^
./GameFramework/Model/Physics/Collidable.java:57: error: cannot find symbol
		this._collisions = new ArrayList<Collision>();
		    ^
  symbol: variable _collisions
./GameFramework/Model/Physics/Collidable.java:62: error: incompatible types: <null> cannot be converted to int
		return new Collidable(null, colliderAtRest, null, null);
		                      ^
./GameFramework/Model/Physics/Collidable.java:71: error: incompatible types: <null> cannot be converted to int
		return new Collidable(null, colliderAtRest, null, collideEntities);
		                      ^
./GameFramework/Model/Physics/Collidable.java:81: error: cannot find symbol
			this._collideEntities.apply(uwpe, collision);
			                     ^
  symbol:   method apply(UniverseWorldPlaceEntities,Collision)
  location: variable _collideEntities of type BiConsumer<UniverseWorldPlaceEntities,Collision>
./GameFramework/Model/Physics/Collidable.java:88: error: incompatible types: Object cannot be converted to ShapeBase
		this.collider.overwriteWith(this.colliderAtRest);
		                                ^
./GameFramework/Model/Physics/Collidable.java:98: error: array required, but List<Entity> found
		var entity = entitiesColliding[0];
		                              ^
./GameFramework/Model/Physics/Collidable.java:99: error: array required, but List<Entity> found
		var entityOther = entitiesColliding[1];
		                                   ^
./GameFramework/Model/Physics/Collidable.java:134: error: cannot find symbol
					uwpe, ArrayHelper.clear(this._collisions)
					                            ^
  symbol: variable _collisions
./GameFramework/Model/Physics/Collidable.java:160: error: cannot find symbol
			|| entityBoundable.bounds.constructor.name != Box.name
			                         ^
  symbol:   variable constructor
  location: variable bounds of type ShapeBase
./GameFramework/Model/Physics/Collidable.java:160: error: cannot find symbol
			|| entityBoundable.bounds.constructor.name != Box.name
			                                                 ^
  symbol:   variable name
  location: class Box
./GameFramework/Model/Physics/Collidable.java:199: error: cannot find symbol
		collisionsSoFar = collisionsSoFar.filter
		                                 ^
  symbol:   method filter((collision[...]null))
  location: variable collisionsSoFar of type List<Collision>
./GameFramework/Model/Physics/Collidable.java:202: error: cannot find symbol
				this.entityPropertyNamesToCollideWith.some
				                                     ^
  symbol:   method some((propertyN[...] null)
  location: variable entityPropertyNamesToCollideWith of type String[]
./GameFramework/Model/Physics/Collidable.java:229: error: cannot find symbol
				for (var e = 0; e < entitiesWithProperty.length; e++)
				                                        ^
  symbol:   variable length
  location: variable entitiesWithProperty of type List<Entity>
./GameFramework/Model/Physics/Collidable.java:231: error: array required, but List<Entity> found
					var entityOther = entitiesWithProperty[e];
					                                      ^
./GameFramework/Model/Physics/Collidable.java:315: error: cannot find symbol
				collidable0EntitiesAlreadyCollidedWith.push(entity1);
				                                      ^
  symbol:   method push(Entity)
  location: variable collidable0EntitiesAlreadyCollidedWith of type List<Entity>
./GameFramework/Model/Physics/Collidable.java:316: error: cannot find symbol
				collidable1EntitiesAlreadyCollidedWith.push(entity0);
				                                      ^
  symbol:   method push(Entity)
  location: variable collidable1EntitiesAlreadyCollidedWith of type List<Entity>
./GameFramework/Model/Physics/Collidable.java:336: error: cannot find symbol
		return (entity.movable() == null);
		              ^
  symbol:   method movable()
  location: variable entity of type Entity
./GameFramework/Model/Physics/Collidable.java:370: error: incompatible types: Object cannot be converted to ShapeBase
			this.colliderAtRest.clone(),
			                         ^
./GameFramework/Model/Physics/Collidable.java:370: error: clone() has protected access in Object
			this.colliderAtRest.clone(),
			                   ^
./GameFramework/Display/Drawable.java:17: error: bad operand types for binary operator '=='
		if (this.isVisible == null)
		                   ^
  first type:  boolean
  second type: <null>
./GameFramework/Display/Drawable.java:25: error: incompatible types: <null> cannot be converted to boolean
		return new Drawable(visual, null);
		                            ^
./GameFramework/Model/Items/Equipment/EquipmentUser.java:28: error: cannot find symbol
		var itemHolder = entityEquipmentUser.itemHolder();
		                                    ^
  symbol:   method itemHolder()
  location: variable entityEquipmentUser of type Entity
./GameFramework/Model/Items/Equipment/EquipmentUser.java:41: error: cannot find symbol
						ArrayHelper.intersectArrays
						^
  symbol:   variable ArrayHelper
  location: class EquipmentUser
./GameFramework/Model/Items/Equipment/EquipmentUser.java:78: error: cannot find symbol
		var socketFound = sockets.filter
		                         ^
  symbol:   method filter((Equipment[...]et; })
  location: variable sockets of type EquipmentSocket[]
./GameFramework/Model/Items/Equipment/EquipmentUser.java:83: error: cannot find symbol
				var isItemAllowedInSocket = socketDefn.categoriesAllowedNames.some
				                                                             ^
  symbol:   method some((String y)[...] >= 0)
  location: variable categoriesAllowedNames of type String[]
./GameFramework/Model/Items/Equipment/EquipmentUser.java:85: error: cannot find symbol
					(String y) -> itemDefn.categoryNames.indexOf(y) >= 0
					                                    ^
  symbol:   method indexOf(String)
  location: variable categoryNames of type String[]
./GameFramework/Model/Items/Equipment/EquipmentUser.java:116: error: cannot infer type for local variable socketFound
		var socketFound = null;
		    ^
  (variable initializer is 'null')
./GameFramework/Model/Items/Equipment/EquipmentUser.java:164: error: cannot find symbol
		var equippable = itemEntityToEquip.equippable();
		                                  ^
  symbol:   method equippable()
  location: variable itemEntityToEquip of type Entity
./GameFramework/Model/Items/Equipment/EquipmentUser.java:214: error: cannot infer type for local variable message
		var message;
		    ^
  (cannot use 'var' on variable without initializer)
./GameFramework/Model/Items/Equipment/EquipmentUser.java:241: error: cannot find symbol
		var itemHolder = entityEquipmentUser.itemHolder();
		                                    ^
  symbol:   method itemHolder()
  location: variable entityEquipmentUser of type Entity
./GameFramework/Model/Items/Equipment/EquipmentUser.java:276: error: cannot find symbol
		var socket = this.socketGroup.sockets.filter
		                                     ^
  symbol:   method filter((x)->x.ite[...]equip)
  location: variable sockets of type EquipmentSocket[]
./GameFramework/Model/Items/Equipment/EquipmentUser.java:331: error: cannot find symbol
		var itemHolder = entityEquipmentUser.itemHolder();
		                                    ^
  symbol:   method itemHolder()
  location: variable entityEquipmentUser of type Entity
./GameFramework/Model/Items/Equipment/ItemCategory.java:15: error: <identifier> expected
	public void finalize(uwpe: UniverseWorldPlaceEntities) {}
	                         ^
./GameFramework/Model/Items/Equipment/ItemCategory.java:16: error: <identifier> expected
	public void initialize(uwpe: UniverseWorldPlaceEntities) {}
	                           ^
./GameFramework/Model/Items/Equipment/ItemCategory.java:17: error: <identifier> expected
	public void updateForTimerTick(uwpe: UniverseWorldPlaceEntities) {}
	                                   ^
./GameFramework/Model/Items/Equipment/ItemCategory.java:15: error: cannot find symbol
	public void finalize(uwpe: UniverseWorldPlaceEntities) {}
	                     ^
  symbol:   class uwpe
  location: class ItemCategory
./GameFramework/Model/Items/Equipment/ItemCategory.java:16: error: cannot find symbol
	public void initialize(uwpe: UniverseWorldPlaceEntities) {}
	                       ^
  symbol:   class uwpe
  location: class ItemCategory
./GameFramework/Model/Items/Equipment/ItemCategory.java:17: error: cannot find symbol
	public void updateForTimerTick(uwpe: UniverseWorldPlaceEntities) {}
	                               ^
  symbol:   class uwpe
  location: class ItemCategory
./GameFramework/Model/Items/Equipment/EquipmentUser.java:345: error: cannot find symbol
				if (itemCategoriesForAllSockets.indexOf(categoryName) == -1)
				                               ^
  symbol:   method indexOf(String)
  location: variable itemCategoriesForAllSockets of type ItemCategory[]
./GameFramework/Model/Items/Equipment/EquipmentUser.java:347: error: cannot find symbol
					itemCategoriesForAllSockets.push(categoryName);
					                           ^
  symbol:   method push(String)
  location: variable itemCategoriesForAllSockets of type ItemCategory[]
./GameFramework/Model/Items/Equipment/EquipmentUser.java:369: error: variable world is already defined in method toControl(Universe,Coords,Entity,Venue,boolean)
		var world = universe.world;
		    ^
./GameFramework/Model/Items/Equipment/EquipmentUser.java:370: error: variable place is already defined in method toControl(Universe,Coords,Entity,Venue,boolean)
		var place = world.placeCurrent;
		    ^
./GameFramework/Model/Items/Equipment/EquipmentUser.java:379: error: incompatible types: Object cannot be converted to String
			equipmentUser.statusMessage = message;
			                              ^
./GameFramework/Model/Items/Equipment/EquipmentUser.java:396: error: incompatible types: incompatible parameter types in lambda expression
				(EquipmentUser c) -> c.itemEntitySelected,
				^
./GameFramework/Model/Items/Equipment/EquipmentUser.java:410: error: cannot infer type for local variable message
			var message;
			    ^
  (cannot use 'var' on variable without initializer)
./GameFramework/Model/Items/Equipment/EquipmentUser.java:430: error: cannot find symbol
		Consumer<Integer> equipItemSelectedInQuickSlot = (int quickSlotNumber) ->
		^
  symbol:   class Consumer
  location: class EquipmentUser
./GameFramework/Model/Items/Equipment/EquipmentUser.java:441: error: method from8 in class ControlButton cannot be applied to given types;
		var buttonEquip = ControlButton.from8
		                               ^
  required: String,Coords,Coords,String,double,boolean,DataBinding<T,Boolean>,Runnable
  found: String,Coords,Coords,String,double,boolean,boolean,Runnable
  reason: cannot infer type-variable(s) T
    (argument mismatch; boolean cannot be converted to DataBinding<T,Boolean>)
  where T is a type-variable:
    T extends Object declared in method <T>from8(String,Coords,Coords,String,double,boolean,DataBinding<T,Boolean>,Runnable)
./GameFramework/Model/Items/Equipment/EquipmentUser.java:460: error: incompatible types: Object cannot be converted to String
			equipmentUser.statusMessage = message;
			                              ^
./GameFramework/Model/Items/Equipment/EquipmentUser.java:463: error: method from8 in class ControlButton cannot be applied to given types;
		var buttonUnequip = ControlButton.from8
		                                 ^
  required: String,Coords,Coords,String,double,boolean,DataBinding<T,Boolean>,Runnable
  found: String,Coords,Coords,String,double,boolean,boolean,Runnable
  reason: cannot infer type-variable(s) T
    (argument mismatch; boolean cannot be converted to DataBinding<T,Boolean>)
  where T is a type-variable:
    T extends Object declared in method <T>from8(String,Coords,Coords,String,double,boolean,DataBinding<T,Boolean>,Runnable)
./GameFramework/Model/Items/Equipment/EquipmentUser.java:489: error: incompatible types: incompatible parameter types in lambda expression
				(EquipmentUser c) -> c.socketSelected,
				^
./GameFramework/Model/Items/Equipment/EquipmentUser.java:501: error: cannot find symbol
			venueNext = VenueFader.fromVenuesToAndFrom
			            ^
  symbol:   variable VenueFader
  location: class EquipmentUser
./GameFramework/Model/Items/Equipment/EquipmentUser.java:559: error: cannot find symbol
			new ActorAction[]
			    ^
  symbol:   class ActorAction
  location: class EquipmentUser
./GameFramework/Model/Items/Equipment/EquipmentUser.java:561: error: cannot find symbol
				new ActorAction("Back", back),
				    ^
  symbol:   class ActorAction
  location: class EquipmentUser
./GameFramework/Model/Items/Equipment/EquipmentUser.java:562: error: cannot find symbol
				new ActorAction("EquipItemSelectedInQuickSlot0", () -> equipItemSelectedInQuickSlot(0)),
				    ^
  symbol:   class ActorAction
  location: class EquipmentUser
./GameFramework/Model/Items/Equipment/EquipmentUser.java:562: error: cannot find symbol
				new ActorAction("EquipItemSelectedInQuickSlot0", () -> equipItemSelectedInQuickSlot(0)),
				                                                       ^
  symbol:   method equipItemSelectedInQuickSlot(int)
  location: class EquipmentUser
./GameFramework/Model/Items/Equipment/EquipmentUser.java:563: error: cannot find symbol
				new ActorAction("EquipItemSelectedInQuickSlot1", () -> equipItemSelectedInQuickSlot(1)),
				    ^
  symbol:   class ActorAction
  location: class EquipmentUser
./GameFramework/Model/Items/Equipment/EquipmentUser.java:563: error: cannot find symbol
				new ActorAction("EquipItemSelectedInQuickSlot1", () -> equipItemSelectedInQuickSlot(1)),
				                                                       ^
  symbol:   method equipItemSelectedInQuickSlot(int)
  location: class EquipmentUser
./GameFramework/Model/Items/Equipment/EquipmentUser.java:564: error: cannot find symbol
				new ActorAction("EquipItemSelectedInQuickSlot2", () -> equipItemSelectedInQuickSlot(2)),
				    ^
  symbol:   class ActorAction
  location: class EquipmentUser
./GameFramework/Model/Items/Equipment/EquipmentUser.java:564: error: cannot find symbol
				new ActorAction("EquipItemSelectedInQuickSlot2", () -> equipItemSelectedInQuickSlot(2)),
				                                                       ^
  symbol:   method equipItemSelectedInQuickSlot(int)
  location: class EquipmentUser
./GameFramework/Model/Items/Equipment/EquipmentUser.java:565: error: cannot find symbol
				new ActorAction("EquipItemSelectedInQuickSlot3", () -> equipItemSelectedInQuickSlot(3)),
				    ^
  symbol:   class ActorAction
  location: class EquipmentUser
./GameFramework/Model/Items/Equipment/EquipmentUser.java:565: error: cannot find symbol
				new ActorAction("EquipItemSelectedInQuickSlot3", () -> equipItemSelectedInQuickSlot(3)),
				                                                       ^
  symbol:   method equipItemSelectedInQuickSlot(int)
  location: class EquipmentUser
./GameFramework/Model/Items/Equipment/EquipmentUser.java:566: error: cannot find symbol
				new ActorAction("EquipItemSelectedInQuickSlot4", () -> equipItemSelectedInQuickSlot(4)),
				    ^
  symbol:   class ActorAction
  location: class EquipmentUser
./GameFramework/Model/Items/Equipment/EquipmentUser.java:566: error: cannot find symbol
				new ActorAction("EquipItemSelectedInQuickSlot4", () -> equipItemSelectedInQuickSlot(4)),
				                                                       ^
  symbol:   method equipItemSelectedInQuickSlot(int)
  location: class EquipmentUser
./GameFramework/Model/Items/Equipment/EquipmentUser.java:567: error: cannot find symbol
				new ActorAction("EquipItemSelectedInQuickSlot5", () -> equipItemSelectedInQuickSlot(5)),
				    ^
  symbol:   class ActorAction
  location: class EquipmentUser
./GameFramework/Model/Items/Equipment/EquipmentUser.java:567: error: cannot find symbol
				new ActorAction("EquipItemSelectedInQuickSlot5", () -> equipItemSelectedInQuickSlot(5)),
				                                                       ^
  symbol:   method equipItemSelectedInQuickSlot(int)
  location: class EquipmentUser
./GameFramework/Model/Items/Equipment/EquipmentUser.java:568: error: cannot find symbol
				new ActorAction("EquipItemSelectedInQuickSlot6", () -> equipItemSelectedInQuickSlot(6)),
				    ^
  symbol:   class ActorAction
  location: class EquipmentUser
./GameFramework/Model/Items/Equipment/EquipmentUser.java:568: error: cannot find symbol
				new ActorAction("EquipItemSelectedInQuickSlot6", () -> equipItemSelectedInQuickSlot(6)),
				                                                       ^
  symbol:   method equipItemSelectedInQuickSlot(int)
  location: class EquipmentUser
./GameFramework/Model/Items/Equipment/EquipmentUser.java:569: error: cannot find symbol
				new ActorAction("EquipItemSelectedInQuickSlot7", () -> equipItemSelectedInQuickSlot(7)),
				    ^
  symbol:   class ActorAction
  location: class EquipmentUser
./GameFramework/Model/Items/Equipment/EquipmentUser.java:569: error: cannot find symbol
				new ActorAction("EquipItemSelectedInQuickSlot7", () -> equipItemSelectedInQuickSlot(7)),
				                                                       ^
  symbol:   method equipItemSelectedInQuickSlot(int)
  location: class EquipmentUser
./GameFramework/Model/Items/Equipment/EquipmentUser.java:570: error: cannot find symbol
				new ActorAction("EquipItemSelectedInQuickSlot8", () -> equipItemSelectedInQuickSlot(8)),
				    ^
  symbol:   class ActorAction
  location: class EquipmentUser
./GameFramework/Model/Items/Equipment/EquipmentUser.java:570: error: cannot find symbol
				new ActorAction("EquipItemSelectedInQuickSlot8", () -> equipItemSelectedInQuickSlot(8)),
				                                                       ^
  symbol:   method equipItemSelectedInQuickSlot(int)
  location: class EquipmentUser
./GameFramework/Model/Items/Equipment/EquipmentUser.java:571: error: cannot find symbol
				new ActorAction("EquipItemSelectedInQuickSlot9", () -> equipItemSelectedInQuickSlot(9))
				    ^
  symbol:   class ActorAction
  location: class EquipmentUser
./GameFramework/Model/Items/Equipment/EquipmentUser.java:571: error: cannot find symbol
				new ActorAction("EquipItemSelectedInQuickSlot9", () -> equipItemSelectedInQuickSlot(9))
				                                                       ^
  symbol:   method equipItemSelectedInQuickSlot(int)
  location: class EquipmentUser
./GameFramework/Model/Items/Equipment/EquipmentUser.java:574: error: cannot find symbol
			new ActionToInputsMapping[]
			    ^
  symbol:   class ActionToInputsMapping
  location: class EquipmentUser
./GameFramework/Model/Items/Equipment/EquipmentUser.java:576: error: cannot find symbol
				new ActionToInputsMapping( "Back", new String[] { Input.Names().Escape }, true ),
				    ^
  symbol:   class ActionToInputsMapping
  location: class EquipmentUser
./GameFramework/Model/Items/Equipment/EquipmentUser.java:576: error: cannot find symbol
				new ActionToInputsMapping( "Back", new String[] { Input.Names().Escape }, true ),
				                                                  ^
  symbol:   variable Input
  location: class EquipmentUser
./GameFramework/Model/Items/Equipment/EquipmentUser.java:577: error: cannot find symbol
				new ActionToInputsMapping( "EquipItemSelectedInQuickSlot0", new String[] { "_0" }, true ),
				    ^
  symbol:   class ActionToInputsMapping
  location: class EquipmentUser
./GameFramework/Model/Items/Equipment/EquipmentUser.java:578: error: cannot find symbol
				new ActionToInputsMapping( "EquipItemSelectedInQuickSlot1", new String[] { "_1" }, true ),
				    ^
  symbol:   class ActionToInputsMapping
  location: class EquipmentUser
./GameFramework/Model/Items/Equipment/EquipmentUser.java:579: error: cannot find symbol
				new ActionToInputsMapping( "EquipItemSelectedInQuickSlot2", new String[] { "_2" }, true ),
				    ^
  symbol:   class ActionToInputsMapping
  location: class EquipmentUser
./GameFramework/Model/Items/Equipment/EquipmentUser.java:580: error: cannot find symbol
				new ActionToInputsMapping( "EquipItemSelectedInQuickSlot3", new String[] { "_3" }, true ),
				    ^
  symbol:   class ActionToInputsMapping
  location: class EquipmentUser
./GameFramework/Model/Items/Equipment/EquipmentUser.java:581: error: cannot find symbol
				new ActionToInputsMapping( "EquipItemSelectedInQuickSlot4", new String[] { "_4" }, true ),
				    ^
  symbol:   class ActionToInputsMapping
  location: class EquipmentUser
./GameFramework/Model/Items/Equipment/EquipmentUser.java:582: error: cannot find symbol
				new ActionToInputsMapping( "EquipItemSelectedInQuickSlot5", new String[] { "_5" }, true ),
				    ^
  symbol:   class ActionToInputsMapping
  location: class EquipmentUser
./GameFramework/Model/Items/Equipment/EquipmentUser.java:583: error: cannot find symbol
				new ActionToInputsMapping( "EquipItemSelectedInQuickSlot6", new String[] { "_6" }, true ),
				    ^
  symbol:   class ActionToInputsMapping
  location: class EquipmentUser
./GameFramework/Model/Items/Equipment/EquipmentUser.java:584: error: cannot find symbol
				new ActionToInputsMapping( "EquipItemSelectedInQuickSlot7", new String[] { "_7" }, true ),
				    ^
  symbol:   class ActionToInputsMapping
  location: class EquipmentUser
./GameFramework/Model/Items/Equipment/EquipmentUser.java:585: error: cannot find symbol
				new ActionToInputsMapping( "EquipItemSelectedInQuickSlot8", new String[] { "_8" }, true ),
				    ^
  symbol:   class ActionToInputsMapping
  location: class EquipmentUser
./GameFramework/Model/Items/Equipment/EquipmentUser.java:586: error: cannot find symbol
				new ActionToInputsMapping( "EquipItemSelectedInQuickSlot9", new String[] { "_9" }, true )
				    ^
  symbol:   class ActionToInputsMapping
  location: class EquipmentUser
./GameFramework/Model/Items/Equipment/EquipmentUser.java:595: error: cannot find symbol
			childControls.splice
			             ^
  symbol:   method splice(int,int,ControlLabel)
  location: variable childControls of type List<ControlBase>
./GameFramework/Model/Items/Equipment/EquipmentUser.java:608: error: cannot find symbol
			childControls.push
			             ^
  symbol:   method push(ControlButton)
  location: variable childControls of type List<ControlBase>
./GameFramework/Model/Items/Item.java:26: error: cannot find symbol
		return (this.defn(world).use != null);
		                        ^
  symbol:   variable use
  location: class ItemDefn
./GameFramework/Model/Items/Item.java:56: error: cannot infer type for local variable returnValue
		var returnValue = null;
		    ^
  (variable initializer is 'null')
./GameFramework/Model/Items/Item.java:58: error: cannot find symbol
		if (defn.use != null)
		        ^
  symbol:   variable use
  location: variable defn of type ItemDefn
./GameFramework/Model/Items/ItemDefn.java:54: error: incompatible types: <null> cannot be converted to double
			name, null, null, null, null, null, null, null, null, null
			                  ^
./GameFramework/Model/Items/ItemDefn.java:78: error: cannot find symbol
		returnValue.use = use;
		           ^
  symbol:   variable use
  location: variable returnValue of type ItemDefn
./GameFramework/Model/Items/ItemDefn.java:89: error: incompatible types: <null> cannot be converted to double
			name, null, null, mass, tradeValue, null, null, null, visual, null
			                                    ^
./GameFramework/Model/Items/ItemDefn.java:95: error: cannot infer type for local variable returnValue
		var returnValue;
		    ^
  (cannot use 'var' on variable without initializer)
./GameFramework/Model/Items/ItemDefn.java:110: error: cannot infer type for local variable returnValue
		var returnValue;
		    ^
  (cannot use 'var' on variable without initializer)
./GameFramework/Model/Items/ItemDefn.java:117: error: cannot find symbol
			returnValue = this._use(uwpe);
			                  ^
  symbol: method _use(UniverseWorldPlaceEntities)
./GameFramework/Model/Combat/Killable.java:44: error: cannot infer type for local variable damageApplied
		var damageApplied;
		    ^
  (cannot use 'var' on variable without initializer)
./GameFramework/Model/Combat/Killable.java:52: error: cannot find symbol
				? entityDamager.damager().damagePerHit.amount(randomizer)
				               ^
  symbol:   method damager()
  location: variable entityDamager of type Entity
./GameFramework/Model/Combat/Killable.java:77: error: cannot find symbol
		this.integrity = NumberHelper.trimToRangeMax
		                 ^
  symbol:   variable NumberHelper
  location: class Killable
./GameFramework/Model/Combat/Killable.java:96: error: incompatible types: unexpected return value
		return (this.integrity > 0);
		       ^
./GameFramework/Model/Combat/Killable.java:96: error: incompatible types: boolean cannot be converted to void
		return (this.integrity > 0);
		                       ^
./GameFramework/Model/Combat/Killable.java:101: error: missing method body, or declare abstract
	public void finalize(UniverseWorldPlaceEntities uwpe);
	            ^
./GameFramework/Model/Combat/Killable.java:102: error: missing method body, or declare abstract
	public void initialize(UniverseWorldPlaceEntities uwpe);
	            ^
./GameFramework/Model/Combat/Killable.java:109: error: 'void' type not allowed here
		if (this.isAlive() == false)
		                ^
./GameFramework/Model/Loadable.java:21: error: cannot find symbol
		this._load = load;
		             ^
  symbol:   variable load
  location: class Loadable
./GameFramework/Model/Loadable.java:22: error: cannot find symbol
		this._unload = unload;
		               ^
  symbol:   variable unload
  location: class Loadable
./GameFramework/Model/Physics/Locatable.java:16: error: bad operand types for binary operator '||'
		this.loc = loc || Disposition.create();
		               ^
  first type:  Disposition
  second type: Disposition
./GameFramework/Model/Physics/Locatable.java:31: error: cannot find symbol
		entitiesToSort.sort
		              ^
  symbol:   method sort((Entity a,[...]ue; })
  location: variable entitiesToSort of type Entity[]
./GameFramework/Model/Physics/Locatable.java:37: error: cannot infer type for local variable returnValue
				var returnValue;
				    ^
  (cannot use 'var' on variable without initializer)
./GameFramework/Model/Physics/Locatable.java:51: error: incompatible types: Entity[] cannot be converted to List<Entity>
		return entitiesToSort;
		       ^
./GameFramework/Model/Selector.java:35: error: cannot find symbol
		this.entitiesSelected = new Array<Entity>();
		                            ^
  symbol:   class Array
  location: class Selector
./GameFramework/Model/Selector.java:38: error: cannot find symbol
		var visualCursor = new VisualGroup
		                       ^
  symbol:   class VisualGroup
  location: class Selector
./GameFramework/Model/Selector.java:40: error: cannot find symbol
			new Visual[]
			    ^
  symbol:   class Visual
  location: class Selector
./GameFramework/Model/Selector.java:42: error: cannot find symbol
				new VisualCircle
				    ^
  symbol:   class VisualCircle
  location: class Selector
./GameFramework/Model/Selector.java:46: error: cannot find symbol
					Color.Instances().White, // colorBorder
					^
  symbol:   variable Color
  location: class Selector
./GameFramework/Model/Selector.java:49: error: cannot find symbol
				VisualCrosshairs.fromRadiiOuterAndInner
				^
  symbol:   variable VisualCrosshairs
  location: class Selector
./GameFramework/Model/Selector.java:61: error: cannot find symbol
				Drawable.fromVisualAndIsVisible(visualCursor, false),
				^
  symbol:   variable Drawable
  location: class Selector
./GameFramework/Model/Selector.java:62: error: cannot find symbol
				Locatable.create()
				^
  symbol:   variable Locatable
  location: class Selector
./GameFramework/Model/Selector.java:72: error: cannot find symbol
				Drawable.fromVisualAndIsVisible(visualHalo, false),
				^
  symbol:   variable Drawable
  location: class Selector
./GameFramework/Model/Selector.java:73: error: cannot find symbol
				Locatable.create()
				^
  symbol:   variable Locatable
  location: class Selector
./GameFramework/Model/Selector.java:94: error: cannot find symbol
			Selector.actionEntityAtMouseClickPosSelectPerform
			        ^
  symbol:   variable actionEntityAtMouseClickPosSelectPerform
  location: class Selector
./GameFramework/Model/Selector.java:118: error: cannot find symbol
		ArrayHelper.remove(this.entitiesSelected, entityToDeselect);
		^
  symbol:   variable ArrayHelper
  location: class Selector
./GameFramework/Model/Selector.java:122: error: cannot find symbol
			this._entityDeselect(uwpe);
			    ^
  symbol: method _entityDeselect(UniverseWorldPlaceEntities)
./GameFramework/Model/Selector.java:125: error: cannot find symbol
		var selectable = entityToDeselect.selectable();
		                                 ^
  symbol:   method selectable()
  location: variable entityToDeselect of type Entity
./GameFramework/Model/Selector.java:135: error: cannot find symbol
		this.entitiesSelected.push(entityToSelect);
		                     ^
  symbol:   method push(Entity)
  location: variable entitiesSelected of type List<Entity>
./GameFramework/Model/Selector.java:139: error: cannot find symbol
			this._entitySelect(uwpe);
			    ^
  symbol: method _entitySelect(UniverseWorldPlaceEntities)
./GameFramework/Model/Selector.java:142: error: cannot find symbol
		var selectable = entityToSelect.selectable();
		                               ^
  symbol:   method selectable()
  location: variable entityToSelect of type Entity
./GameFramework/Model/Selector.java:160: error: cannot find symbol
		var entityToSelect = entitiesInPlace.filter
		                                    ^
  symbol:   method filter((x)->{  lo[...]ge; })
  location: variable entitiesInPlace of type List<Entity>
./GameFramework/Model/Selector.java:291: error: cannot find symbol
								c.entitiesSelected.length == 0
								                  ^
  symbol:   variable length
  location: variable entitiesSelected of type List<Entity>
./GameFramework/Model/Selector.java:293: error: array required, but List<Entity> found
								: c.entitiesSelected[0].name
								                    ^
./GameFramework/Model/Selector.java:326: error: array required, but List<Entity> found
		var entitySelected = this.entitiesSelected[0];
		                                          ^
./GameFramework/Model/Selector.java:340: error: _isVisible has private access in ControlBase
			this._control._isVisible = isEntitySelected;
			             ^
./GameFramework/Model/Combat/Damage.java:29: error: incompatible types: possible lossy conversion from double to int
		var amountAsDiceRoll = DiceRoll.fromOffset(amount);
		                                           ^
./GameFramework/Model/Combat/Damage.java:35: error: incompatible types: possible lossy conversion from double to int
		var amountAsDiceRoll = DiceRoll.fromOffset(amount);
		                                           ^
./GameFramework/Model/Combat/Damage.java:52: error: cannot find symbol
		var effectsOccurring = new ListArray<Effect>();
		                           ^
  symbol:   class ListArray
  location: class Damage
./GameFramework/Model/Combat/Damage.java:56: error: cannot find symbol
			for (var i = 0; i < this.effectsAndChances.length; i++)
			                                          ^
  symbol:   variable length
  location: variable effectsAndChances of type List<Pair<Effect,Double>>
./GameFramework/Model/Combat/Damage.java:58: error: array required, but List<Pair<Effect,Double>> found
				var effectAndChance = this.effectsAndChances[i];
				                                            ^
./GameFramework/Model/Combat/Damage.java:74: error: cannot find symbol
		return this.amount + " " + (this.typeName == null ? "" : this.typeName);
		           ^
  symbol: variable amount
./GameFramework/Utility/DiceRoll.java:21: error: cannot find symbol
		var numberOfDice = parseInt(numberOfDiceAsString);
		                   ^
  symbol:   method parseInt(String)
  location: class DiceRoll
./GameFramework/Utility/DiceRoll.java:41: error: cannot find symbol
			sidesPerDie = parseInt(sidesPerDieAsString);
			              ^
  symbol:   method parseInt(String)
  location: class DiceRoll
./GameFramework/Utility/DiceRoll.java:42: error: cannot find symbol
			var offsetMagnitude = parseInt(offsetMagnitudeAsString);
			                      ^
  symbol:   method parseInt(String)
  location: class DiceRoll
./GameFramework/Utility/DiceRoll.java:55: error: cannot find symbol
			sidesPerDie = parseInt(sidesPerDieAsString);
			              ^
  symbol:   method parseInt(String)
  location: class DiceRoll
./GameFramework/Utility/DiceRoll.java:56: error: cannot find symbol
			var offsetMagnitude = parseInt(offsetMagnitudeAsString);
			                      ^
  symbol:   method parseInt(String)
  location: class DiceRoll
./GameFramework/Utility/DiceRoll.java:62: error: cannot find symbol
			sidesPerDie = parseInt(sidesPerDieAsString);
			              ^
  symbol:   method parseInt(String)
  location: class DiceRoll
./GameFramework/Model/Effects/Effect.java:64: error: cannot infer type for local variable returnValue
		var returnValue = null;
		    ^
  (variable initializer is 'null')
./GameFramework/Model/Effects/Effect.java:85: error: cannot find symbol
			this.name,
			    ^
  symbol: variable name
./GameFramework/Model/Combat/DamageType_Instances.java:27: error: cannot find symbol
		this._AllByName = ArrayHelper.addLookupsByName(this._All);
		                  ^
  symbol:   variable ArrayHelper
  location: class DamageType_Instances
error: incompatible types: bad return type in lambda expression
    missing return value
./GameFramework/Model/Effects/Effect_Instances.java:29: error: cannot find symbol
				var damage = Damage.fromAmountAndTypeName(1, "Heat");
				             ^
  symbol:   variable Damage
  location: class Effect_Instances
./GameFramework/Model/Effects/Effect_Instances.java:44: error: cannot find symbol
				var damage = Damage.fromAmountAndTypeName(1, "Cold");
				             ^
  symbol:   variable Damage
  location: class Effect_Instances
./GameFramework/Model/Effects/Effect_Instances.java:58: error: cannot find symbol
				new Path
				    ^
  symbol:   class Path
  location: class Effect_Instances
./GameFramework/Model/Effects/Effect_Instances.java:60: error: cannot find symbol
					new Coords[]
					    ^
  symbol:   class Coords
  location: class Effect_Instances
./GameFramework/Model/Effects/Effect_Instances.java:62: error: cannot find symbol
						new Coords(-0.5, -0.2, 0),
						    ^
  symbol:   class Coords
  location: class Effect_Instances
./GameFramework/Model/Effects/Effect_Instances.java:63: error: cannot find symbol
						new Coords(-0.2, -0.2, 0),
						    ^
  symbol:   class Coords
  location: class Effect_Instances
./GameFramework/Model/Effects/Effect_Instances.java:64: error: cannot find symbol
						new Coords(-0.2, -0.5, 0),
						    ^
  symbol:   class Coords
  location: class Effect_Instances
./GameFramework/Model/Effects/Effect_Instances.java:65: error: cannot find symbol
						new Coords(0.2, -0.5, 0),
						    ^
  symbol:   class Coords
  location: class Effect_Instances
./GameFramework/Model/Effects/Effect_Instances.java:66: error: cannot find symbol
						new Coords(0.2, -0.2, 0),
						    ^
  symbol:   class Coords
  location: class Effect_Instances
./GameFramework/Model/Effects/Effect_Instances.java:67: error: cannot find symbol
						new Coords(0.5, -0.2, 0),
						    ^
  symbol:   class Coords
  location: class Effect_Instances
./GameFramework/Model/Effects/Effect_Instances.java:68: error: cannot find symbol
						new Coords(0.5, 0.2, 0),
						    ^
  symbol:   class Coords
  location: class Effect_Instances
./GameFramework/Model/Effects/Effect_Instances.java:69: error: cannot find symbol
						new Coords(0.2, 0.2, 0),
						    ^
  symbol:   class Coords
  location: class Effect_Instances
./GameFramework/Model/Effects/Effect_Instances.java:70: error: cannot find symbol
						new Coords(0.2, 0.5, 0),
						    ^
  symbol:   class Coords
  location: class Effect_Instances
./GameFramework/Model/Effects/Effect_Instances.java:71: error: cannot find symbol
						new Coords(-0.2, 0.5, 0),
						    ^
  symbol:   class Coords
  location: class Effect_Instances
./GameFramework/Model/Effects/Effect_Instances.java:72: error: cannot find symbol
						new Coords(-0.2, 0.2, 0),
						    ^
  symbol:   class Coords
  location: class Effect_Instances
./GameFramework/Model/Effects/Effect_Instances.java:73: error: cannot find symbol
						new Coords(-0.5, 0.2, 0)
						    ^
  symbol:   class Coords
  location: class Effect_Instances
./GameFramework/Model/Effects/Effect_Instances.java:77: error: cannot find symbol
					Transform_Scale.fromScalar(visualDimension * 1.5)
					^
  symbol:   variable Transform_Scale
  location: class Effect_Instances
./GameFramework/Model/Effects/Effect_Instances.java:83: error: cannot find symbol
				var damage = Damage.fromAmountAndTypeName(-1, "Healing");
				             ^
  symbol:   variable Damage
  location: class Effect_Instances
./GameFramework/Model/Effects/Effect_Instances.java:97: error: cannot find symbol
		this._AllByName = ArrayHelper.addLookupsByName(this._All);
		                  ^
  symbol:   variable ArrayHelper
  location: class Effect_Instances
./GameFramework/Model/Items/Equipment/EquipmentSocketGroup.java:28: error: cannot find symbol
		this.socketsByDefnName = ArrayHelper.addLookups
		                         ^
  symbol:   variable ArrayHelper
  location: class EquipmentSocketGroup
./GameFramework/Model/Items/Equipment/EquipmentSocketDefnGroup.java:18: error: no suitable method found for addLookupsByName(EquipmentSocketDefn[])
		this.socketDefnsByName = ArrayHelper.addLookupsByName(this.socketDefns);
		                                    ^
    method ArrayHelper.<E#1>addLookupsByName(E#1[]) is not applicable
      (inference variable E#1 has incompatible bounds
        lower bounds: Namable
        lower bounds: EquipmentSocketDefn)
    method ArrayHelper.<E#2>addLookupsByName(List<E#2>) is not applicable
      (cannot infer type-variable(s) E#2
        (argument mismatch; EquipmentSocketDefn[] cannot be converted to List<E#2>))
  where E#1,E#2 are type-variables:
    E#1 extends Namable declared in method <E#1>addLookupsByName(E#1[])
    E#2 extends Namable declared in method <E#2>addLookupsByName(List<E#2>)
./GameFramework/Geometry/Shapes/Plane.java:7: error: Plane is not abstract and does not override abstract method overwriteWith(ShapeBase) in Clonable
public class Plane implements ShapeBase
       ^
./GameFramework/Utility/DateTime.java:47: error: cannot find symbol
		return DateTime.fromSystemDate(new Date());
		                                   ^
  symbol:   class Date
  location: class DateTime
./GameFramework/Utility/DateTime.java:71: error: cannot find symbol
			+ StringHelper.padStart("" + this.month, 2, "0")
			  ^
  symbol:   variable StringHelper
  location: class DateTime
./GameFramework/Utility/DateTime.java:72: error: cannot find symbol
			+ StringHelper.padStart("" + this.day, 2, "0")
			  ^
  symbol:   variable StringHelper
  location: class DateTime
./GameFramework/Utility/DateTime.java:74: error: cannot find symbol
			+ StringHelper.padStart("" + this.hours, 2, "0")
			  ^
  symbol:   variable StringHelper
  location: class DateTime
./GameFramework/Utility/DateTime.java:75: error: cannot find symbol
			+ StringHelper.padStart("" + this.minutes, 2, "0")
			  ^
  symbol:   variable StringHelper
  location: class DateTime
./GameFramework/Utility/DateTime.java:77: error: cannot find symbol
			+ StringHelper.padStart("" + this.seconds, 2, "0");
			  ^
  symbol:   variable StringHelper
  location: class DateTime
./GameFramework/Utility/DateTime.java:85: error: cannot find symbol
			+ StringHelper.padStart("" + this.hours, 2, "0")
			  ^
  symbol:   variable StringHelper
  location: class DateTime
./GameFramework/Utility/DateTime.java:87: error: cannot find symbol
			+ StringHelper.padStart("" + this.minutes, 2, "0")
			  ^
  symbol:   variable StringHelper
  location: class DateTime
./GameFramework/Utility/DateTime.java:89: error: cannot find symbol
			+ StringHelper.padStart("" + this.seconds, 2, "0");
			  ^
  symbol:   variable StringHelper
  location: class DateTime
./GameFramework/Utility/DateTime.java:100: error: cannot find symbol
			+ StringHelper.padStart("" + this.month, 2, "0")
			  ^
  symbol:   variable StringHelper
  location: class DateTime
./GameFramework/Utility/DateTime.java:102: error: cannot find symbol
			+ StringHelper.padStart("" + this.day, 2, "0")
			  ^
  symbol:   variable StringHelper
  location: class DateTime
./GameFramework/Utility/DateTime.java:104: error: cannot find symbol
			+ StringHelper.padStart("" + this.hours, 2, "0")
			  ^
  symbol:   variable StringHelper
  location: class DateTime
./GameFramework/Utility/DateTime.java:106: error: cannot find symbol
			+ StringHelper.padStart("" + this.minutes, 2, "0")
			  ^
  symbol:   variable StringHelper
  location: class DateTime
./GameFramework/Utility/DateTime.java:108: error: cannot find symbol
			+ StringHelper.padStart("" + this.seconds, 2, "0");
			  ^
  symbol:   variable StringHelper
  location: class DateTime
./GameFramework/Utility/DateTime.java:117: error: cannot find symbol
			+ "/" + StringHelper.padStart("" + this.month, 2, "0")
			        ^
  symbol:   variable StringHelper
  location: class DateTime
./GameFramework/Utility/DateTime.java:118: error: cannot find symbol
			+ "/" + StringHelper.padStart("" + this.day, 2, "0");
			        ^
  symbol:   variable StringHelper
  location: class DateTime
./GameFramework/Utility/DateTime.java:133: error: cannot find symbol
			+ StringHelper.padStart("" + this.month, 2, "0")
			  ^
  symbol:   variable StringHelper
  location: class DateTime
./GameFramework/Utility/DateTime.java:135: error: cannot find symbol
			+ StringHelper.padStart("" + this.day, 2, "0")
			  ^
  symbol:   variable StringHelper
  location: class DateTime
./GameFramework/Utility/DateTime.java:137: error: cannot find symbol
			+ StringHelper.padStart("" + this.hours, 2, "0")
			  ^
  symbol:   variable StringHelper
  location: class DateTime
./GameFramework/Utility/DateTime.java:139: error: cannot find symbol
			+ StringHelper.padStart("" + this.minutes, 2, "0")
			  ^
  symbol:   variable StringHelper
  location: class DateTime
./GameFramework/Utility/DateTime.java:141: error: cannot find symbol
			+ StringHelper.padStart("" + this.seconds, 2, "0");
			  ^
  symbol:   variable StringHelper
  location: class DateTime
./GameFramework/Storage/Compressor/CompressorLZW.java:90: error: incompatible types: inference variable T has incompatible bounds
			new ByteStreamFromBytes(Arrays.asList(bytesToCompress)),
			^
    equality constraints: Integer
    lower bounds: int[]
  where T is a type-variable:
    T extends Object declared in method <T>asList(T...)
./GameFramework/Storage/Compressor/CompressorLZW.java:93: error: incompatible types: List<Integer> cannot be converted to int[]
		return byteStreamCompressed.bytes;
		                           ^
./GameFramework/Storage/Compressor/CompressorLZW.java:117: error: incompatible types: List<Integer> cannot be converted to int[]
		return returnValues;
		       ^
./GameFramework/Storage/Compressor/CompressorLZW.java:136: error: incompatible types: possible lossy conversion from double to int
		var symbolToDecode = bitStream.readInteger(symbolWidthInBitsCurrent);
		                                           ^
./GameFramework/Storage/Compressor/CompressorLZW.java:137: error: array required, but Map<Integer,String> found
		var symbolDecoded = patternsBySymbol[symbolToDecode];
		                                    ^
./GameFramework/Storage/Compressor/CompressorLZW.java:145: error: cannot infer type for local variable pattern
		var pattern;
		    ^
  (cannot use 'var' on variable without initializer)
./GameFramework/Storage/Compressor/CompressorLZW.java:146: error: cannot infer type for local variable character
		var character;
		    ^
  (cannot use 'var' on variable without initializer)
./GameFramework/Storage/Compressor/CompressorLZW.java:147: error: cannot infer type for local variable patternPlusCharacter
		var patternPlusCharacter;
		    ^
  (cannot use 'var' on variable without initializer)
./GameFramework/Storage/Compressor/CompressorLZW.java:152: error: incompatible types: possible lossy conversion from double to int
			var symbolNext = bitStream.readInteger(symbolWidthInBitsCurrent);
			                                       ^
./GameFramework/Storage/Compressor/CompressorLZW.java:164: error: array required, but Map<Integer,String> found
				symbolDecoded = patternsBySymbol[symbolToDecode];
				                                ^
./GameFramework/Storage/Compressor/CompressorLZW.java:187: error: cannot find symbol
					symbolsByPattern.size + CompressorLZW.ControlSymbolCount;
					                ^
  symbol:   variable size
  location: variable symbolsByPattern of type Map<String,Integer>
./GameFramework/Storage/Compressor/CompressorLZW.java:189: error: array required, but Map<Integer,String> found
				patternsBySymbol[symbolNext] = patternPlusCharacter;
				                ^
./GameFramework/Storage/Compressor/CompressorLZW.java:198: error: incompatible types: int[] cannot be converted to List<Integer>
		var byteStreamToDecode = new ByteStreamFromBytes(bytesToDecode);
		                                                 ^
./GameFramework/Storage/Compressor/CompressorLZW.java:206: error: incompatible types: List<Integer> cannot be converted to int[]
		return bytesDecompressed;
		       ^
./GameFramework/Storage/Compressor/BitStream.java:90: error: incompatible types: unexpected return value
		return returnValue;
		       ^
./GameFramework/Controls/ControlSelectOption.java:16: error: incompatible types: Object cannot be converted to String
		this.text = text;
		            ^
./GameFramework/Input/Input_Names.java:55: error: incompatible types: String[] cannot be converted to String[][]
		this._All = new String[]
		            ^
./GameFramework/Input/Input_Names.java:79: error: no suitable method found for addLookups(String[][],(String x)->x)
			ArrayHelper.addLookups(this._All, (String x) -> x);
			           ^
    method ArrayHelper.<K#1,E#1>addLookups(E#1[],Function<E#1,K#1>) is not applicable
      (inference variable E#1 has incompatible bounds
        equality constraints: String
        lower bounds: String[])
    method ArrayHelper.<K#2,E#2>addLookups(List<E#2>,Function<E#2,K#2>) is not applicable
      (cannot infer type-variable(s) K#2,E#2
        (argument mismatch; String[][] cannot be converted to List<E#2>))
  where K#1,E#1,K#2,E#2 are type-variables:
    K#1 extends Object declared in method <K#1,E#1>addLookups(E#1[],Function<E#1,K#1>)
    E#1 extends Object declared in method <K#1,E#1>addLookups(E#1[],Function<E#1,K#1>)
    K#2 extends Object declared in method <K#2,E#2>addLookups(List<E#2>,Function<E#2,K#2>)
    E#2 extends Object declared in method <K#2,E#2>addLookups(List<E#2>,Function<E#2,K#2>)
./GameFramework/Display/VenueFader.java:30: error: bad operand types for binary operator '=='
			(millisecondsPerFade == null ? 250 : millisecondsPerFade);
			                     ^
  first type:  int
  second type: <null>
./GameFramework/Display/VenueFader.java:48: error: incompatible types: <null> cannot be converted to int
		return new VenueFader(venueToFadeTo, null, null, null);
		                                                 ^
./GameFramework/Display/VenueFader.java:56: error: incompatible types: <null> cannot be converted to int
		return new VenueFader(venueToFadeTo, venueToFadeFrom, null, null);
		                                                            ^
./GameFramework/Display/VenueFader.java:71: error: cannot find symbol
		var now = new Date();
		              ^
  symbol:   class Date
  location: class VenueFader
./GameFramework/Display/VenueFader.java:79: error: cannot find symbol
			now.getTime() - this.timeFadeStarted.getTime();
			                                    ^
  symbol:   method getTime()
  location: variable timeFadeStarted of type DateTime
./GameFramework/Display/VenueFader.java:85: error: cannot infer type for local variable alphaOfFadeColor
		var alphaOfFadeColor;
		    ^
  (cannot use 'var' on variable without initializer)
./GameFramework/Display/VenueFader.java:96: error: cannot find symbol
				if (venueToFadeTo.draw == null)
				                 ^
  symbol:   variable draw
  location: variable venueToFadeTo of type Venue
./GameFramework/Display/VenueFader.java:119: error: incompatible types: <null> cannot be converted to double
			alphaOfFadeColor * this.backgroundColor.alpha(null)
			                                              ^
./GameFramework/Display/VenueFader.java:125: error: cannot find symbol
			Coords.create(),
			^
  symbol:   variable Coords
  location: class VenueFader
./GameFramework/Display/VenueFader.java:137: error: missing method body, or declare abstract
	public Venue venueCurrent();
	             ^
./GameFramework/Display/VenueFader.java:139: error: return outside method
		return this.venuesToFadeFromAndTo[this.venueIndexCurrent];
		^
./GameFramework/Controls/DataBinding.java:20: error: cannot find symbol
		this._get = get;
		            ^
  symbol:   variable get
  location: class DataBinding<C,V>
  where C,V are type-variables:
    C extends Object declared in class DataBinding
    V extends Object declared in class DataBinding
./GameFramework/Controls/DataBinding.java:21: error: cannot find symbol
		this._set = set;
		            ^
  symbol:   variable set
  location: class DataBinding<C,V>
  where C,V are type-variables:
    C extends Object declared in class DataBinding
    V extends Object declared in class DataBinding
./GameFramework/Controls/DataBinding.java:48: error: cannot find symbol
		return DataBinding.fromContext<Boolean>(true);
		                  ^
  symbol:   variable fromContext
  location: class DataBinding
./GameFramework/Controls/DataBinding.java:48: error: cannot find symbol
		return DataBinding.fromContext<Boolean>(true);
		                               ^
  symbol:   variable Boolean
  location: class DataBinding<C,V>
  where C,V are type-variables:
    C extends Object declared in class DataBinding
    V extends Object declared in class DataBinding
./GameFramework/Controls/DataBinding.java:62: error: incompatible types: bad type in conditional expression
			? this.context
			      ^
    C cannot be converted to V
  where C,V are type-variables:
    C extends Object declared in class DataBinding
    V extends Object declared in class DataBinding
./GameFramework/Controls/DataBinding.java:63: error: cannot find symbol
			: this._get.call(this.context)
			           ^
  symbol:   method call(C)
  location: variable _get of type Function<C,V>
  where C,V are type-variables:
    C extends Object declared in class DataBinding
    V extends Object declared in class DataBinding
./GameFramework/Controls/DataBinding.java:75: error: cannot find symbol
			this._set.call(this.context, value);
			         ^
  symbol:   method call(C,V)
  location: variable _set of type BiConsumer<C,V>
  where C,V are type-variables:
    C extends Object declared in class DataBinding
    V extends Object declared in class DataBinding
./GameFramework/Geometry/Shapes/Edge.java:8: error: Edge is not abstract and does not override abstract method coordsGroupToTranslate() in Transformable
public class Edge implements ShapeBase
       ^
./GameFramework/Geometry/Shapes/Edge.java:48: error: method equals in class Object cannot be applied to given types;
		return ArrayHelper.equals(this.vertices, other.vertices);
		                  ^
  required: Object
  found: Coords[],Coords[]
  reason: actual and formal argument lists differ in length
./GameFramework/Geometry/Polar.java:16: error: bad operand types for binary operator '=='
		this.elevationInTurns = (elevationInTurns == null ? 0 : elevationInTurns);
		                                          ^
  first type:  double
  second type: <null>
./GameFramework/Geometry/Polar.java:77: error: bad operand types for binary operator '!='
		if (elevationInTurns != null)
		                     ^
  first type:  double
  second type: <null>
./GameFramework/Geometry/Shapes/BoxRotated.java:9: error: BoxRotated is not abstract and does not override abstract method overwriteWith(ShapeBase) in Clonable
public class BoxRotated implements ShapeBase
       ^
./GameFramework/Geometry/Shapes/ShapeHelper.java:11: error: invalid method declaration; return type required
	public constructor()
	       ^
./GameFramework/Geometry/Transforms/Transform_Orient.java:49: error: class, interface, or enum expected
}
^
./GameFramework/Geometry/Shapes/Maps/MapLocated.java:8: error: MapLocated is not abstract and does not override abstract method overwriteWith(ShapeBase) in Clonable
public class MapLocated<T> implements ShapeBase
       ^
./GameFramework/Geometry/Shapes/Meshes/Mesh.java:143: error: cannot find symbol
					vertexIndicesTopOrBottom.insert(0, vertexIndex);
					                        ^
  symbol:   method insert(int,int)
  location: variable vertexIndicesTopOrBottom of type ArrayList<Integer>
./GameFramework/Geometry/Shapes/Meshes/Mesh.java:156: error: no suitable method found for toArray(int[])
				vertexIndicesTopOrBottom.toArray(new int[] {})
				                        ^
    method Collection.<T#1>toArray(IntFunction<T#1[]>) is not applicable
      (cannot infer type-variable(s) T#1
        (argument mismatch; int[] cannot be converted to IntFunction<T#1[]>))
    method ArrayList.<T#2>toArray(T#2[]) is not applicable
      (inference variable T#2 has incompatible bounds
        equality constraints: int
        lower bounds: Object)
  where T#1,T#2 are type-variables:
    T#1 extends Object declared in method <T#1>toArray(IntFunction<T#1[]>)
    T#2 extends Object declared in method <T#2>toArray(T#2[])
./GameFramework/Geometry/Shapes/Sphere.java:7: error: Sphere is not abstract and does not override abstract method overwriteWith(ShapeBase) in Clonable
public class Sphere implements ShapeBase
       ^
./GameFramework/Geometry/Shapes/Face.java:10: error: Face is not abstract and does not override abstract method coordsGroupToTranslate() in Transformable
public class Face implements ShapeBase
       ^
./GameFramework/Geometry/Shapes/Face.java:44: error: cannot find symbol
		for (var e = 0; e < edges.length; e++)
		                         ^
  symbol:   variable length
  location: variable edges of type List<Edge>
./GameFramework/Geometry/Shapes/Face.java:46: error: array required, but List<Edge> found
			var edgeFromFace = edges[e];
			                        ^
./GameFramework/Geometry/Shapes/Face.java:102: error: method equals in class Object cannot be applied to given types;
		return ArrayHelper.equals(this.vertices, other.vertices);
		                  ^
  required: Object
  found: Coords[],Coords[]
  reason: actual and formal argument lists differ in length
./GameFramework/Geometry/Shapes/Face.java:165: error: cannot find symbol
		Transforms.applyTransformToCoordsMObject(transformToApply, this.vertices);
		          ^
  symbol:   method applyTransformToCoordsMObject(Transform,Coords[])
  location: class Transforms
./GameFramework/Geometry/Shapes/Hemispace.java:7: error: Hemispace is not abstract and does not override abstract method overwriteWith(ShapeBase) in Clonable
public class Hemispace implements ShapeBase
       ^
./GameFramework/Geometry/Shapes/ShapeGroupAll.java:10: error: ShapeGroupAll is not abstract and does not override abstract method overwriteWith(ShapeBase) in Clonable
public class ShapeGroupAll implements ShapeBase
       ^
./GameFramework/Geometry/Shapes/ShapeGroupAll.java:58: error: cannot find symbol
		this.shapes.stream().forEach
		           ^
  symbol:   method stream()
  location: variable shapes of type ShapeBase[]
./GameFramework/Geometry/Shapes/ShapeInverse.java:7: error: ShapeInverse is not abstract and does not override abstract method overwriteWith(ShapeBase) in Clonable
public class ShapeInverse implements ShapeBase
       ^
./GameFramework/Geometry/Shapes/ShapeContainer.java:7: error: ShapeContainer is not abstract and does not override abstract method overwriteWith(ShapeBase) in Clonable
public class ShapeContainer implements ShapeBase
       ^
./GameFramework/Geometry/Shapes/ShapeGroupAny.java:8: error: ShapeGroupAny is not abstract and does not override abstract method overwriteWith(ShapeBase) in Clonable
public class ShapeGroupAny implements ShapeBase
       ^
./GameFramework/Geometry/Shapes/ShapeGroupAny.java:50: error: cannot find symbol
		var distanceMinSoFar = Integer.POSITIVE_INFINITY;
		                              ^
  symbol:   variable POSITIVE_INFINITY
  location: class Integer
./GameFramework/Geometry/Shapes/ShapeGroupAny.java:81: error: cannot find symbol
		this.shapes.stream().forEach
		           ^
  symbol:   method stream()
  location: variable shapes of type ShapeBase[]
./GameFramework/Geometry/Shapes/Meshes/FaceBuilder.java:10: error: FaceBuilder is not abstract and does not override abstract method overwriteWith(FaceBuilder) in Clonable
public class FaceBuilder implements Clonable<FaceBuilder>
       ^
./GameFramework/Geometry/Shapes/Meshes/FaceBuilder.java:26: error: cannot find symbol
			faceVertices.add(meshVertex);
			            ^
  symbol:   method add(Coords)
  location: variable faceVertices of type Coords[]
./GameFramework/Geometry/Shapes/Meshes/FaceBuilder.java:46: error: no suitable method found for clone(int[])
		return new FaceBuilder(ArrayHelper.clone(this.vertexIndices));
		                                  ^
    method ArrayHelper.clone(double[]) is not applicable
      (argument mismatch; int[] cannot be converted to double[])
    method ArrayHelper.<T#1>clone(T#1[]) is not applicable
      (inference variable T#1 has incompatible bounds
        equality constraints: int
        lower bounds: Clonable<T#1>)
    method ArrayHelper.<T#2>clone(List<T#2>) is not applicable
      (cannot infer type-variable(s) T#2
        (argument mismatch; int[] cannot be converted to List<T#2>))
  where T#1,T#2 are type-variables:
    T#1 extends Clonable<T#1> declared in method <T#1>clone(T#1[])
    T#2 extends Clonable<T#2> declared in method <T#2>clone(List<T#2>)
./GameFramework/Geometry/Shapes/Meshes/FaceBuilder.java:51: error: cannot find symbol
		ArrayHelper.overwriteWith(this.vertexIndices, other.vertexIndices);
		                                              ^
  symbol:   variable other
  location: class FaceBuilder
./GameFramework/Model/WorldDefn.java:25: error: cannot find symbol
			var defnsByName = ArrayHelper.addLookupsByName(defnsOfType);
			                  ^
  symbol:   variable ArrayHelper
  location: class WorldDefn
./GameFramework/Model/WorldDefn.java:29: error: name has private access in Class
				var itemTypeName = itemFirst.getClass().name;
				                                       ^
./GameFramework/Model/WorldDefn.java:45: error: cannot find symbol
		var defnsByName = this.defnsByNameByTypeName.get(Action.class.name);
		                                                 ^
  symbol:   class Action
  location: class WorldDefn
./GameFramework/Model/WorldDefn.java:52: error: name has private access in Class
		var defnsByName = this.defnsByNameByTypeName.get(ActivityDefn.class.name);
		                                                                   ^
./GameFramework/Model/WorldDefn.java:59: error: name has private access in Class
		var defnsByName = this.defnsByNameByTypeName.get(Entity.class.name);
		                                                             ^
./GameFramework/Model/WorldDefn.java:66: error: name has private access in Class
		var defnsByName = this.defnsByNameByTypeName.get(ItemDefn.class.name);
		                                                               ^
./GameFramework/Model/WorldDefn.java:73: error: name has private access in Class
		var defnsByName = this.defnsByNameByTypeName.get(PlaceDefn.class.name);
		                                                                ^
./GameFramework/Model/Actors/ActivityDefn.java:37: error: cannot find symbol
		this._perform(uwpe);
		    ^
  symbol: method _perform(UniverseWorldPlaceEntities)
./GameFramework/Model/Actors/ActivityDefn.java:67: error: cannot find symbol
				var activity = e.actor().activity;
				                ^
  symbol:   method actor()
  location: variable e of type Entity
./GameFramework/Model/Actors/ActivityDefn.java:84: error: no suitable method found for addLookupsByName(ActivityDefn[])
		this._AllByName = ArrayHelper.addLookupsByName(this._All);
		                             ^
    method ArrayHelper.<E#1>addLookupsByName(E#1[]) is not applicable
      (inference variable E#1 has incompatible bounds
        lower bounds: Namable
        lower bounds: ActivityDefn)
    method ArrayHelper.<E#2>addLookupsByName(List<E#2>) is not applicable
      (cannot infer type-variable(s) E#2
        (argument mismatch; ActivityDefn[] cannot be converted to List<E#2>))
  where E#1,E#2 are type-variables:
    E#1 extends Namable declared in method <E#1>addLookupsByName(E#1[])
    E#2 extends Namable declared in method <E#2>addLookupsByName(List<E#2>)
./GameFramework/Controls/ControlStyle_Instances.java:38: error: cannot find symbol
		this._AllByName = ArrayHelper.addLookupsByName(this._All);
		                  ^
  symbol:   variable ArrayHelper
  location: class ControlStyle_Instances
./GameFramework/Display/VertexGroup.java:21: error: cannot find symbol
		return new VertexGroup(this.name, ArrayHelper.clone(this.vertexIndices));
		                                  ^
  symbol:   variable ArrayHelper
  location: class VertexGroup
./GameFramework/Helpers/ArrayHelper.java:186: error: double cannot be dereferenced
				var elementCloned = element.clone();
				                           ^
./GameFramework/Helpers/ArrayHelper.java:202: error: cannot find symbol
				(T[]) Array.newInstance(T.getClass(), arrayToClone.length);
				      ^
  symbol:   variable Array
  location: class ArrayHelper
./GameFramework/Helpers/ArrayHelper.java:202: error: non-static method getClass() cannot be referenced from a static context
				(T[]) Array.newInstance(T.getClass(), arrayToClone.length);
				                         ^
./GameFramework/Helpers/ArrayHelper.java:335: error: cannot find symbol
			var elementThis = list[i];
			                  ^
  symbol:   variable list
  location: class ArrayHelper
./GameFramework/Helpers/StringHelper.java:18: error: cannot find symbol
		while (stringToPad.length < lengthToPadTo)
		                  ^
  symbol:   variable length
  location: variable stringToPad of type String
./GameFramework/Helpers/StringHelper.java:30: error: cannot find symbol
		while (stringToPad.length < lengthToPadTo)
		                  ^
  symbol:   variable length
  location: variable stringToPad of type String
./GameFramework/Helpers/StringHelper.java:44: error: cannot find symbol
		return stringToReplaceWithin.split(stringToBeReplaced).join(stringToReplaceWith);
		                                                      ^
  symbol:   method join(String)
  location: class String[]
./GameFramework/Controls/ControlLabel.java:58: error: incompatible types: <null> cannot be converted to double
			null // fontHeightInPixels
			^
./GameFramework/Controls/ControlLabel.java:86: error: cannot find symbol
		return (this._text.get == null ? this._text : this._text.get() );
		                  ^
  symbol:   variable get
  location: variable _text of type Object
./GameFramework/Controls/ControlLabel.java:86: error: incompatible types: bad type in conditional expression
		return (this._text.get == null ? this._text : this._text.get() );
		                                     ^
    Object cannot be converted to String
./GameFramework/Controls/ControlLabel.java:86: error: cannot find symbol
		return (this._text.get == null ? this._text : this._text.get() );
		                                                        ^
  symbol:   method get()
  location: variable _text of type Object
./GameFramework/Controls/ControlLabel.java:98: error: variable style is already defined in method draw(Universe,Display,Disposition,ControlStyle)
		var style = (style != null ? style : this.style(universe) );
		    ^
./GameFramework/Controls/ControlButton.java:41: error: bad operand types for binary operator '=='
		this.canBeHeldDown = (canBeHeldDown == null ? false : canBeHeldDown);
		                                    ^
  first type:  boolean
  second type: <null>
./GameFramework/Controls/ControlButton.java:63: error: incompatible types: DataBinding<T,Boolean> cannot be converted to DataBinding<Object,Boolean>
			isEnabled, click, null, null
			^
  where T is a type-variable:
    T extends Object declared in method <T>from8(String,Coords,Coords,String,double,boolean,DataBinding<T,Boolean>,Runnable)
./GameFramework/Controls/ControlButton.java:83: error: incompatible types: <null> cannot be converted to boolean
			isEnabled, click, context, null
			                           ^
./GameFramework/Controls/ControlButton.java:91: error: cannot find symbol
			this.click(this.context);
			    ^
  symbol: method click(Object)
./GameFramework/Controls/ControlButton.java:99: error: cannot find symbol
		return (this._isEnabled.get == null ? this._isEnabled : this._isEnabled.get() );
		                       ^
  symbol:   variable get
  location: variable _isEnabled of type DataBinding<Object,Boolean>
./GameFramework/Controls/ControlButton.java:99: error: incompatible types: bad type in conditional expression
		return (this._isEnabled.get == null ? this._isEnabled : this._isEnabled.get() );
		                                          ^
    DataBinding<Object,Boolean> cannot be converted to boolean
./GameFramework/Controls/ControlButton.java:108: error: cannot find symbol
			this.click(this.context);
			    ^
  symbol: method click(Object)
./GameFramework/Controls/ControlButton.java:134: error: bad operand types for binary operator '||'
		style = style || this.style(universe);
		              ^
  first type:  ControlStyle
  second type: ControlStyle
./GameFramework/Controls/ControlContainer.java:43: error: incompatible types: <null> cannot be converted to double
		super(name, pos, size, null);
		                       ^
./GameFramework/Controls/ControlContainer.java:44: error: incompatible types: ControlBase[] cannot be converted to List<ControlBase>
		this.children = children;
		                ^
./GameFramework/Controls/ControlContainer.java:45: error: cannot find symbol
		this.actions = (actions != null ? actions : new Action[] {});
		                                                ^
  symbol:   class Action
  location: class ControlContainer
./GameFramework/Controls/ControlContainer.java:47: error: cannot find symbol
		this._actionToInputsMappingsByInputName = ArrayHelper.addLookupsMultiple
		                                                     ^
  symbol:   method addLookupsMultiple(ActionToInputsMapping[],(x)->x.inputNames)
  location: class ArrayHelper
./GameFramework/Controls/ControlContainer.java:53: error: no suitable method found for addLookupsByName(ActorAction[])
		this.actionsByName = ArrayHelper.addLookupsByName(this.actions);
		                                ^
    method ArrayHelper.<E#1>addLookupsByName(E#1[]) is not applicable
      (inference variable E#1 has incompatible bounds
        lower bounds: Namable
        lower bounds: ActorAction)
    method ArrayHelper.<E#2>addLookupsByName(List<E#2>) is not applicable
      (cannot infer type-variable(s) E#2
        (argument mismatch; ActorAction[] cannot be converted to List<E#2>))
  where E#1,E#2 are type-variables:
    E#1 extends Namable declared in method <E#1>addLookupsByName(E#1[])
    E#2 extends Namable declared in method <E#2>addLookupsByName(List<E#2>)
./GameFramework/Controls/ControlContainer.java:170: error: cannot find symbol
		this.childrenByName.put(childToAdd.name, childToAdd);
		                                  ^
  symbol:   variable name
  location: variable childToAdd of type ControlBase
./GameFramework/Controls/ControlContainer.java:182: error: bad operand types for binary operator '=='
			this.indexOfChildWithFocus == null
			                           ^
  first type:  int
  second type: <null>
./GameFramework/Controls/ControlContainer.java:184: error: array required, but List<ControlBase> found
			: this.children[this.indexOfChildWithFocus]
			               ^
./GameFramework/Controls/ControlContainer.java:221: error: incompatible types: <null> cannot be converted to int
					this.indexOfChildWithFocus = null;
					                             ^
./GameFramework/Controls/ControlContainer.java:229: error: cannot find symbol
						child.focusGain != null
						     ^
  symbol:   variable focusGain
  location: variable child of type ControlBase
./GameFramework/Controls/ControlContainer.java:316: error: cannot find symbol
		if (childrenContainingPos.length > 0)
		                         ^
  symbol:   variable length
  location: variable childrenContainingPos of type List<ControlBase>
./GameFramework/Controls/ControlContainer.java:318: error: array required, but List<ControlBase> found
			var child = childrenContainingPos[0];
			                                 ^
./GameFramework/Controls/ControlContainer.java:347: error: cannot find symbol
		for (var i = 0; i < childrenContainingPos.length; i++)
		                                         ^
  symbol:   variable length
  location: variable childrenContainingPos of type List<ControlBase>
./GameFramework/Controls/ControlContainer.java:349: error: array required, but List<ControlBase> found
			var child = childrenContainingPos[i];
			                                 ^
./GameFramework/Controls/ControlContainer.java:369: error: cannot find symbol
				if (child.mouseExit != null)
				         ^
  symbol:   variable mouseExit
  location: variable child of type ControlBase
./GameFramework/Controls/ControlContainer.java:384: error: cannot find symbol
		for (var i = 0; i < this.children.length; i++)
		                                 ^
  symbol:   variable length
  location: variable children of type List<ControlBase>
./GameFramework/Controls/ControlContainer.java:386: error: array required, but List<ControlBase> found
			var child = this.children[i];
			                         ^
./GameFramework/Controls/ControlContainer.java:407: error: cannot find symbol
		for (var i = 0; i < this.children.length; i++)
		                                 ^
  symbol:   variable length
  location: variable children of type List<ControlBase>
./GameFramework/Controls/ControlContainer.java:409: error: array required, but List<ControlBase> found
			var child = this.children[i];
			                         ^
./GameFramework/Controls/ControlContainer.java:435: error: cannot find symbol
		for (var i = 0; i < children.length; i++)
		                            ^
  symbol:   variable length
  location: variable children of type List<ControlBase>
./GameFramework/Controls/ControlContainer.java:437: error: array required, but List<ControlBase> found
			var child = children[i];
			                    ^
./GameFramework/Controls/ControlContainerTransparent.java:18: error: constructor ControlContainer in class ControlContainer cannot be applied to given types;
		super
		^
  required: String,Coords,Coords,ControlBase[],ActorAction[],ActionToInputsMapping[]
  found: String,Coords,Coords,double
  reason: actual and formal argument lists differ in length
./GameFramework/Controls/ControlContainerTransparent.java:73: error: cannot find symbol
			ArrayHelper.clear(this.containerInner.childrenContainingPos),
			^
  symbol:   variable ArrayHelper
  location: class ControlContainerTransparent
./GameFramework/Controls/ControlContainerTransparent.java:133: error: cannot find symbol
		for (var i = 0; i < children.length; i++)
		                            ^
  symbol:   variable length
  location: variable children of type List<ControlBase>
./GameFramework/Controls/ControlContainerTransparent.java:135: error: array required, but List<ControlBase> found
			var child = children[i];
			                    ^
./GameFramework/Controls/ControlList.java:270: error: incompatible types: possible lossy conversion from double to int
		return this.indexOfFirstRowVisible() * this.widthInItems;
		                                     ^
./GameFramework/Controls/ControlList.java:281: error: cannot find symbol
		var returnValue = items.indexOf(this.itemSelected());
		                       ^
  symbol:   method indexOf(Object)
  location: variable items of type Object[]
./GameFramework/Controls/ControlList.java:296: error: incompatible types: possible lossy conversion from double to int
		return this.indexOfLastRowVisible() * this.widthInItems;
		                                    ^
./GameFramework/Controls/ControlList.java:303: error: incompatible types: possible lossy conversion from double to int
		return returnValue;
		       ^
./GameFramework/Controls/ControlList.java:335: error: cannot find symbol
					this.bindingForItemSelected.get == null
					                           ^
  symbol:   variable get
  location: variable bindingForItemSelected of type DataBinding<Object,Object>
./GameFramework/Controls/ControlList.java:347: error: cannot infer type for local variable valueToSet
				var valueToSet;
				    ^
  (cannot use 'var' on variable without initializer)
./GameFramework/Controls/ControlList.java:373: error: bad operand types for binary operator '=='
		if (indexOfItemSelected == null)
		                        ^
  first type:  int
  second type: <null>
./GameFramework/Controls/ControlList.java:390: error: incompatible types: possible lossy conversion from double to int
			(
			^
./GameFramework/Controls/ControlList.java:397: error: bad operand types for binary operator '=='
			indexOfItemSelected == null ? null : items[indexOfItemSelected]
			                    ^
  first type:  int
  second type: <null>
./GameFramework/Controls/ControlList.java:404: error: variable indexOfItemSelected is already defined in method itemSelectedNextInDirection(int)
		var indexOfItemSelected = this.indexOfItemSelected();
		    ^
./GameFramework/Controls/ControlScrollbar.java:36: error: incompatible types: possible lossy conversion from double to int
		this._sliderPosInItems = sliderPosInItems;
		                         ^
./GameFramework/Controls/VenueMessage.java:47: error: incompatible types: Runnable cannot be converted to Consumer<UniverseWorldPlaceEntities>
		return new VenueMessage(messageToShow, acknowledge, null, null, false);
		                                       ^
./GameFramework/Input/VenueInputCapture.java:55: error: cannot find symbol
						this.functionToPassInputCapturedTo(inputPressed);
						    ^
  symbol: method functionToPassInputCapturedTo(Input)
./GameFramework/Display/Visuals/VisualGroup.java:36: error: no suitable method found for clone(Visual[])
		return new VisualGroup(ArrayHelper.clone(this.children) );
		                                  ^
    method ArrayHelper.clone(double[]) is not applicable
      (argument mismatch; Visual[] cannot be converted to double[])
    method ArrayHelper.<T#1>clone(T#1[]) is not applicable
      (inference variable T#1 has incompatible bounds
        lower bounds: Clonable<T#1>
        lower bounds: Visual)
    method ArrayHelper.<T#2>clone(List<T#2>) is not applicable
      (cannot infer type-variable(s) T#2
        (argument mismatch; Visual[] cannot be converted to List<T#2>))
  where T#1,T#2 are type-variables:
    T#1 extends Clonable<T#1> declared in method <T#1>clone(T#1[])
    T#2 extends Clonable<T#2> declared in method <T#2>clone(List<T#2>)
./GameFramework/Display/Visuals/VisualGroup.java:42: error: no suitable method found for overwriteWith(Visual[],Visual[])
		ArrayHelper.overwriteWith(this.children, otherAsVisualGroup.children);
		           ^
    method ArrayHelper.overwriteWith(double[],double[]) is not applicable
      (argument mismatch; Visual[] cannot be converted to double[])
    method ArrayHelper.<T#1>overwriteWith(T#1[],T#1[]) is not applicable
      (inference variable T#1 has incompatible bounds
        lower bounds: Clonable<T#1>
        lower bounds: Visual)
    method ArrayHelper.<T#2>overwriteWith(List<T#2>,List<T#2>) is not applicable
      (cannot infer type-variable(s) T#2
        (argument mismatch; Visual[] cannot be converted to List<T#2>))
  where T#1,T#2 are type-variables:
    T#1 extends Clonable<T#1> declared in method <T#1>overwriteWith(T#1[],T#1[])
    T#2 extends Clonable<T#2> declared in method <T#2>overwriteWith(List<T#2>,List<T#2>)
./GameFramework/Display/Visuals/VisualGroup.java:52: error: cannot find symbol
		this.children.stream().forEach(x -> transformToApply.transform(x));
		             ^
  symbol:   method stream()
  location: variable children of type Visual[]
./GameFramework/Display/Visuals/VisualImageScaled.java:18: error: cannot find symbol
		this._posSaved = Coords.create();
		                 ^
  symbol:   variable Coords
  location: class VisualImageScaled
./GameFramework/Display/Visuals/VisualImageScaled.java:72: error: return outside method
	public Coords[] coordsGroupToTranslate { return null; }
	                                         ^
./GameFramework/Display/Visuals/VisualImageFromLibrary.java:10: error: VisualImageFromLibrary is not abstract and does not override abstract method coordsGroupToTranslate() in Transformable
public class VisualImageFromLibrary implements VisualImage
       ^
./GameFramework/Display/Visuals/VisualImageFromLibrary.java:52: error: cannot find symbol
		return this.image(universe).sizeInPixels;
		                           ^
  symbol:   variable sizeInPixels
  location: class Image2
./GameFramework/Display/Visuals/VisualImageFromLibrary.java:62: error: cannot find symbol
		var imageSize = image.sizeInPixels;
		                     ^
  symbol:   variable sizeInPixels
  location: variable image of type Image2
./GameFramework/Controls/ControlVisual.java:44: error: cannot find symbol
				new Audible(),
				    ^
  symbol:   class Audible
  location: class ControlVisual
./GameFramework/Controls/ControlVisual.java:110: error: variable style is already defined in method draw(Universe,Display,Disposition,ControlStyle)
			var style = (style != null ? style : this.style(universe));
			    ^
./GameFramework/Controls/ControlVisual.java:126: error: incompatible types: <null> cannot be converted to boolean
				drawPos, this.size, colorFill, colorBorder, null
				                                            ^
./GameFramework/Media/VisualSound.java:9: error: VisualSound is not abstract and does not override abstract method coordsGroupToTranslate() in Transformable
public class VisualSound implements Visual
       ^
./GameFramework/Media/VisualSound.java:41: error: cannot find symbol
		var audible = entity.audible();
		                    ^
  symbol:   method audible()
  location: variable entity of type Entity
./GameFramework/Media/VisualSound.java:69: error: cannot find symbol
		this.soundNameToPlay = other.soundNameToPlay;
		                            ^
  symbol:   variable soundNameToPlay
  location: variable other of type Visual
./GameFramework/Media/VisualSound.java:70: error: cannot find symbol
		this.isMusic = other.isMusic;
		                    ^
  symbol:   variable isMusic
  location: variable other of type Visual
./GameFramework/Controls/ControlSelect.java:39: error: incompatible types: <null> cannot be converted to int
		this.indexOfOptionSelected = null;
		                             ^
./GameFramework/Controls/ControlSelect.java:40: error: variable valueSelected is already defined in constructor ControlSelect(String,Coords,Coords,Object,Object,DataBinding<Object,Object>,DataBinding<Object,String>,double)
		var valueSelected = this.valueSelected();
		    ^
./GameFramework/Controls/ControlSelect.java:41: error: variable options is already defined in constructor ControlSelect(String,Coords,Coords,Object,Object,DataBinding<Object,Object>,DataBinding<Object,String>,double)
		var options = this.options();
		    ^
./GameFramework/Controls/ControlSelect.java:90: error: bad operand types for binary operator '=='
			this.indexOfOptionSelected == null
			                           ^
  first type:  int
  second type: <null>
./GameFramework/Controls/ControlSelect.java:101: error: cannot find symbol
		this.indexOfOptionSelected = NumberHelper.wrapToRangeMinMax
		                             ^
  symbol:   variable NumberHelper
  location: class ControlSelect
./GameFramework/Controls/ControlSelect.java:114: error: cannot find symbol
		this._valueSelected.set(valueToSelect);
		                   ^
  symbol:   method set(Object)
  location: variable _valueSelected of type Object
./GameFramework/Controls/ControlSelect.java:119: error: cannot find symbol
		return this._options.get();
		                    ^
  symbol:   method get()
  location: variable _options of type Object
./GameFramework/Controls/ControlSelect.java:135: error: cannot find symbol
			: (this._valueSelected.get == null ? this._valueSelected : this._valueSelected.get() )
			                      ^
  symbol:   variable get
  location: variable _valueSelected of type Object
./GameFramework/Controls/ControlSelect.java:135: error: cannot find symbol
			: (this._valueSelected.get == null ? this._valueSelected : this._valueSelected.get() )
			                                                                              ^
  symbol:   method get()
  location: variable _valueSelected of type Object
./GameFramework/Media/VenueVideo.java:25: error: cannot find symbol
		var inputNames = Input.Names();
		                 ^
  symbol:   variable Input
  location: class VenueVideo
./GameFramework/Media/VenueVideo.java:26: error: cannot find symbol
		var controlActionNames = ControlActionNames.Instances();
		                         ^
  symbol:   variable ControlActionNames
  location: class VenueVideo
./GameFramework/Media/VenueVideo.java:27: error: cannot find symbol
		this.actionToInputsMappings = new ActionToInputsMapping[]
		                                  ^
  symbol:   class ActionToInputsMapping
  location: class VenueVideo
./GameFramework/Media/VenueVideo.java:29: error: cannot find symbol
			new ActionToInputsMapping
			    ^
  symbol:   class ActionToInputsMapping
  location: class VenueVideo
./GameFramework/Media/VenueVideo.java:37: error: cannot find symbol
		this.actionToInputsMappingsByInputName = ArrayHelper.addLookupsMultiple
		                                         ^
  symbol:   variable ArrayHelper
  location: class VenueVideo
./GameFramework/Media/VenueVideo.java:39: error: cannot find symbol
			this.actionToInputsMappings, (ActionToInputsMapping x) -> x.inputNames
			                              ^
  symbol:   class ActionToInputsMapping
  location: class VenueVideo
./GameFramework/Media/VenueVideo.java:60: error: cannot find symbol
		if (this.video.isFinished == false)
		              ^
  symbol:   variable isFinished
  location: variable video of type Video
./GameFramework/Media/VenueVideo.java:72: error: cannot find symbol
				var controlActionNames = ControlActionNames.Instances();
				                         ^
  symbol:   variable ControlActionNames
  location: class VenueVideo
./GameFramework/Media/VenueVideo.java:77: error: illegal parenthesized expression
					if (inputPressed.isActive)
					   ^
./GameFramework/Media/VenueVideo.java:100: error: cannot find symbol
		if (this.video.isFinished)
		              ^
  symbol:   variable isFinished
  location: variable video of type Video
./GameFramework/Media/VenueVideo.java:100: error: illegal parenthesized expression
		if (this.video.isFinished)
		   ^
./GameFramework/Media/VenueVideo.java:103: error: cannot find symbol
			var colorBlack = Color.byName("Black");
			                 ^
  symbol:   variable Color
  location: class VenueVideo
./GameFramework/Utility/VenueTask.java:33: error: cannot find symbol
			var now = new Date();
			              ^
  symbol:   class Date
  location: class VenueTask
./GameFramework/Utility/VenueTask.java:34: error: cannot find symbol
			var millisecondsSinceStarted = now.getTime() - this.timeStarted.getTime();
			                                                               ^
  symbol:   method getTime()
  location: variable timeStarted of type DateTime
./GameFramework/Utility/VenueTask.java:55: error: cannot find symbol
		this.timeStarted = new Date();
		                       ^
  symbol:   class Date
  location: class VenueTask
./GameFramework/Utility/VenueTask.java:57: error: cannot find symbol
		var timer = setInterval
		            ^
  symbol:   method setInterval(()->{ this[...]e); })
  location: class VenueTask
./GameFramework/Utility/VenueTask.java:63: error: cannot find symbol
		var result = this.perform(universe);
		                 ^
  symbol: method perform(Universe)
./GameFramework/Display/Visuals/VisualImageImmediate.java:7: error: VisualImageImmediate is not abstract and does not override abstract method coordsGroupToTranslate() in Transformable
public class VisualImageImmediate implements VisualImage
       ^
./GameFramework/Display/Visuals/VisualImageImmediate.java:21: error: cannot find symbol
		this._drawPos = Coords.create();
		                ^
  symbol:   variable Coords
  location: class VisualImageImmediate
./GameFramework/Controls/ControlTextBox.java:41: error: incompatible types: <null> cannot be converted to int
		this.cursorPos = null;
		                 ^
./GameFramework/Controls/ControlTextBox.java:60: error: method text in class ControlTextBox cannot be applied to given types;
		var text = this.text(null, null);
		               ^
  required: no arguments
  found: <null>,<null>
  reason: actual and formal argument lists differ in length
./GameFramework/Controls/ControlTextBox.java:170: error: cannot find symbol
		this.cursorPos = this.text().length;
		                            ^
  symbol:   variable length
  location: class String
./GameFramework/Controls/ControlTextBox.java:189: error: cannot find symbol
			Arrays.asList(parentAsContainer.children).indexOf(this);
			^
  symbol:   variable Arrays
  location: class ControlTextBox
./GameFramework/Controls/ControlTextBox.java:259: error: incompatible types: <null> cannot be converted to boolean
				null
				^
./GameFramework/Model/Playable.java:19: error: cannot find symbol
		var controlsForTabs = new Array<ControlBase>();
		                          ^
  symbol:   class Array
  location: class Playable
./GameFramework/Model/Playable.java:63: error: cannot find symbol
			controlsForStatusFields.push(labelHealth);
			                       ^
  symbol:   method push(ControlLabel)
  location: variable controlsForStatusFields of type ControlBase[]
./GameFramework/Model/Playable.java:74: error: cannot find symbol
		var itemHolder = entity.itemHolder();
		                       ^
  symbol:   method itemHolder()
  location: variable entity of type Entity
./GameFramework/Model/Playable.java:94: error: cannot find symbol
		var itemCrafter = entity.itemCrafter();
		                        ^
  symbol:   method itemCrafter()
  location: variable entity of type Entity
./GameFramework/Model/Playable.java:104: error: cannot find symbol
		var skillLearner = entity.skillLearner();
		                         ^
  symbol:   method skillLearner()
  location: variable entity of type Entity
./GameFramework/Model/Playable.java:119: error: cannot find symbol
				"Experience: " + entity.skillLearner().learningAccumulated,
				                       ^
  symbol:   method skillLearner()
  location: variable entity of type Entity
./GameFramework/Model/Playable.java:122: error: cannot find symbol
			controlsForStatusFields.push(labelExperience);
			                       ^
  symbol:   method push(ControlLabel)
  location: variable controlsForStatusFields of type ControlBase[]
./GameFramework/Model/Playable.java:125: error: cannot find symbol
		var journalKeeper = entity.journalKeeper();
		                          ^
  symbol:   method journalKeeper()
  location: variable entity of type Entity
./GameFramework/Model/Playable.java:151: error: cannot infer type for local variable back
		var back = () ->
		    ^
  (lambda expression needs an explicit target-type)
./GameFramework/Controls/ControlTabbed.java:67: error: ';' expected
		}
		 ^
./GameFramework/Controls/ControlTabbed.java:35: error: cannot find symbol
		ControlBase childrenForTabs[], number fontHeightInPixels,
		                               ^
  symbol:   class number
  location: class ControlTabbed
./GameFramework/Controls/ControlTabbed.java:208: error: cannot find symbol
	public ControlBase childSelectNextInDirection(number direction)
	                                              ^
  symbol:   class number
  location: class ControlTabbed
./GameFramework/Controls/ControlTabbed.java:431: error: cannot find symbol
		Universe universe, Display display,
		                   ^
  symbol:   class Display
  location: class ControlTabbed
./GameFramework/Display/Visuals/VisualBar.java:97: error: ';' expected
				var thresholdFraction = this.amountThreshold.contextSet(entity).get() as double;
				                                                                     ^
./GameFramework/Display/Visuals/VisualBar.java:97: error: not a statement
				var thresholdFraction = this.amountThreshold.contextSet(entity).get() as double;
				                                                                      ^
./GameFramework/Display/Visuals/VisualBar.java:97: error: ';' expected
				var thresholdFraction = this.amountThreshold.contextSet(entity).get() as double;
				                                                                        ^
./GameFramework/Display/Visuals/VisualBar.java:97: error: not a statement
				var thresholdFraction = this.amountThreshold.contextSet(entity).get() as double;
				                                                                         ^
./GameFramework/Display/Visuals/VisualBar.java:104: error: ';' expected
				)
				 ^
./GameFramework/Display/Visuals/VisualBar.java:141: error: illegal start of expression
			);
			^
./GameFramework/Display/Visuals/VisualBar.java:14: error: cannot find symbol
	public DataBinding<Entity,Double> amountCurrent;
	                   ^
  symbol:   class Entity
  location: class VisualBar
./GameFramework/Display/Visuals/VisualBar.java:15: error: cannot find symbol
	public DataBinding<Entity,Double> amountThreshold;
	                   ^
  symbol:   class Entity
  location: class VisualBar
./GameFramework/Display/Visuals/VisualBar.java:16: error: cannot find symbol
	public DataBinding<Entity,Double> amountMax;
	                   ^
  symbol:   class Entity
  location: class VisualBar
./GameFramework/Display/Visuals/VisualBar.java:30: error: cannot find symbol
		DataBinding<Entity,Double> amountCurrent,
		            ^
  symbol:   class Entity
  location: class VisualBar
./GameFramework/Display/Visuals/VisualBar.java:31: error: cannot find symbol
		DataBinding<Entity,Double> amountThreshold,
		            ^
  symbol:   class Entity
  location: class VisualBar
./GameFramework/Display/Visuals/VisualBar.java:32: error: cannot find symbol
		DataBinding<Entity,Double> amountMax,
		            ^
  symbol:   class Entity
  location: class VisualBar
./GameFramework/Display/Visuals/VisualBar.java:53: error: cannot find symbol
	public void draw(UniverseWorldPlaceEntities uwpe, Display display)
	                 ^
  symbol:   class UniverseWorldPlaceEntities
  location: class VisualBar
./GameFramework/Display/Visuals/VisualBar.java:161: error: cannot find symbol
	public Transformable transform(Transform transformToApply)
	                               ^
  symbol:   class Transform
  location: class VisualBar
./GameFramework/Display/Visuals/VisualBar.java:161: error: cannot find symbol
	public Transformable transform(Transform transformToApply)
	       ^
  symbol:   class Transformable
  location: class VisualBar
./GameFramework/Model/Playable.java:199: error: incompatible types: <null> cannot be converted to double
			null, // fractionBelowWhichToShow
			^
./GameFramework/Display/Visuals/VisualOffset.java:30: error: cannot find symbol
	public void draw(UniverseWorldPlaceEntities uwpe, Display display)
	                 ^
  symbol:   class UniverseWorldPlaceEntities
  location: class VisualOffset
./GameFramework/Display/Visuals/VisualOffset.java:30: error: cannot find symbol
	public void draw(UniverseWorldPlaceEntities uwpe, Display display)
	                                                  ^
  symbol:   class Display
  location: class VisualOffset
./GameFramework/Display/Visuals/VisualOffset.java:56: error: cannot find symbol
	public Transformable transform(Transform transformToApply)
	                               ^
  symbol:   class Transform
  location: class VisualOffset
./GameFramework/Display/Visuals/VisualOffset.java:56: error: cannot find symbol
	public Transformable transform(Transform transformToApply)
	       ^
  symbol:   class Transformable
  location: class VisualOffset
./GameFramework/Model/Playable.java:219: error: cannot find symbol
		var starvable = entity.starvable();
		                      ^
  symbol:   method starvable()
  location: variable entity of type Entity
./GameFramework/Model/Playable.java:228: error: incompatible types: <null> cannot be converted to double
			null, // fractionBelowWhichToShow
			^
./GameFramework/Model/Playable.java:248: error: cannot find symbol
		var tirable = entity.tirable();
		                    ^
  symbol:   method tirable()
  location: variable entity of type Entity
./GameFramework/Model/Playable.java:257: error: incompatible types: <null> cannot be converted to double
			null, // fractionBelowWhichToShow
			^
./GameFramework/Model/Playable.java:262: error: cannot find symbol
		var playerVisualStaminaIcon = new VisualImageScaled
		                                  ^
  symbol:   class VisualImageScaled
  location: class Playable
./GameFramework/Model/Playable.java:296: error: cannot find symbol
				StringHelper.padStart("" + gameHoursIntoDay, 2, "0")
				^
  symbol:   variable StringHelper
  location: class Playable
./GameFramework/Model/Playable.java:298: error: cannot find symbol
				+ StringHelper.padStart("" + gameMinutesIntoHour, 2, "0");
				  ^
  symbol:   variable StringHelper
  location: class Playable
./GameFramework/Model/Playable.java:288: error: incompatible types: incompatible parameter types in lambda expression
		Function<Integer,String> ticksToHH_MM = (int ticks) ->
		                                        ^
./GameFramework/Model/Playable.java:302: error: incompatible types: inference variable V has incompatible bounds
		var playerVisualTimeBar = new VisualBar
		                          ^
    equality constraints: Double
    lower bounds: Integer
  where V,C are type-variables:
    V extends Object declared in method <C,V>fromGet(Function<C,V>)
    C extends Object declared in method <C,V>fromGet(Function<C,V>)
./GameFramework/Model/Playable.java:325: error: cannot find symbol
		var playerVisualTimeIcon = VisualBuilder.Instance().sun(playerVisualBarSize.y * .5);
		                                                   ^
  symbol:   method sun(double)
  location: class VisualBuilder
./GameFramework/Model/Playable.java:373: error: cannot find symbol
		childControls.push(controlPlayerStatusInfo);
		             ^
  symbol:   method push(ControlVisual)
  location: variable childControls of type ArrayList<ControlBase>
./GameFramework/Model/Playable.java:403: error: incompatible types: incompatible parameter types in lambda expression
		Consumer<Integer> useItemInQuickSlot = (int slotNumber) ->
		                                       ^
./GameFramework/Model/Playable.java:447: error: incompatible types: inference variable C has incompatible equality constraints Object,Integer
			var visualItemInQuickSlot = ControlVisual.from4
			                                         ^
  where C,V are type-variables:
    C extends Object declared in method <C,V>fromContextAndGet(C,Function<C,V>)
    V extends Object declared in method <C,V>fromContextAndGet(C,Function<C,V>)
./GameFramework/Model/Playable.java:481: error: incompatible types: ArrayList<ControlBase> cannot be converted to ControlBase[]
			childControls,
			^
./GameFramework/Geometry/Transforms/Transforms.java:21: error: cannot find symbol
			Transforms.applyTransformToCoordsMany
			          ^
  symbol:   method applyTransformToCoordsMany(Transform,Coords[])
  location: class Transforms
./GameFramework/Display/Visuals/VisualDirectional.java:102: error: cannot find symbol
	public Transformable transform(Transform transformToApply)
	                               ^
  symbol:   class Transform
  location: class VisualDirectional
./GameFramework/Display/Visuals/VisualDirectional.java:102: error: cannot find symbol
	public Transformable transform(Transform transformToApply)
	       ^
  symbol:   class Transformable
  location: class VisualDirectional
./GameFramework/Display/Visuals/VisualPath.java:21: error: cannot find symbol
		Path verticesAsPath, Color color, number lineThickness, boolean isClosed
		                                  ^
  symbol:   class number
  location: class VisualPath
./GameFramework/Display/Visuals/VisualPath.java:33: error: cannot find symbol
	public void draw(UniverseWorldPlaceEntities uwpe, Display display)
	                 ^
  symbol:   class UniverseWorldPlaceEntities
  location: class VisualPath
./GameFramework/Geometry/Shapes/Path.java:31: error: cannot find symbol
	public Transformable transform(Transform transformToApply)
	                               ^
  symbol:   class Transform
  location: class Path
./GameFramework/Geometry/Shapes/Path.java:31: error: cannot find symbol
	public Transformable transform(Transform transformToApply)
	       ^
  symbol:   class Transformable
  location: class Path
./GameFramework/Display/Visuals/Animation/VisualAnimation.java:51: error: cannot find symbol
	public Visual frameCurrent(World world, int tickStarted)
	                           ^
  symbol:   class World
  location: class VisualAnimation
./GameFramework/Display/Visuals/Animation/VisualAnimation.java:58: error: cannot find symbol
	public int frameIndexCurrent(World world, int tickStarted)
	                             ^
  symbol:   class World
  location: class VisualAnimation
./GameFramework/Display/Visuals/Animation/VisualAnimation.java:95: error: cannot find symbol
	public boolean isComplete(World world, int tickStarted)
	                          ^
  symbol:   class World
  location: class VisualAnimation
./GameFramework/Display/Visuals/Animation/VisualAnimation.java:104: error: cannot find symbol
	public void draw(UniverseWorldPlaceEntities uwpe, Display display)
	                 ^
  symbol:   class UniverseWorldPlaceEntities
  location: class VisualAnimation
./GameFramework/Display/Visuals/Animation/VisualAnimation.java:104: error: cannot find symbol
	public void draw(UniverseWorldPlaceEntities uwpe, Display display)
	                                                  ^
  symbol:   class Display
  location: class VisualAnimation
./GameFramework/Display/Visuals/Animation/VisualAnimation.java:129: error: cannot find symbol
	public Transformable transform(Transform transformToApply)
	                               ^
  symbol:   class Transform
  location: class VisualAnimation
./GameFramework/Display/Visuals/Animation/VisualAnimation.java:129: error: cannot find symbol
	public Transformable transform(Transform transformToApply)
	       ^
  symbol:   class Transformable
  location: class VisualAnimation
./GameFramework/Display/Visuals/VisualBuilder.java:130: error: cannot access VisualAnimation
				new VisualAnimation
				    ^
  bad source file: ./GameFramework/Display/Visuals/Animation/VisualAnimation.java
    file does not contain class GameFramework.Display.Visuals.Animation.VisualAnimation
    Please remove or make sure it appears in the correct subdirectory of the sourcepath.
./GameFramework/Display/Visuals/VisualBuilder.java:128: error: incompatible types: VisualOffset cannot be converted to int
			new VisualOffset
			^
./GameFramework/Display/Visuals/VisualBuilder.java:127: error: array required, but VisualGroup found
		([
		 ^
./GameFramework/Display/Visuals/VisualBuilder.java:126: error: illegal reference to restricted type 'var'
		var visualLegsFacingDownWalking = new VisualGroup
		^
./GameFramework/Display/Visuals/VisualBuilder.java:260: error: incompatible types: Coords cannot be converted to Visual
					new Coords(0, -legLength, 0),
					^
./GameFramework/Display/Visuals/VisualBuilder.java:261: error: incompatible types: Coords cannot be converted to Visual
					new Coords(0, legLength, 0),
					^
./GameFramework/Display/Visuals/VisualBuilder.java:262: error: incompatible types: Coords cannot be converted to Visual
					new Coords(-footLength, legLength, 0)
					^
./GameFramework/Display/Visuals/VisualBuilder.java:258: error: incompatible types: Visual[] cannot be converted to Coords[]
				new Visual[]
				^
./GameFramework/Display/Visuals/VisualSelect.java:56: error: cannot find symbol
	public Transformable transform(Transform transformToApply)
	                               ^
  symbol:   class Transform
  location: class VisualSelect
./GameFramework/Display/Visuals/VisualSelect.java:56: error: cannot find symbol
	public Transformable transform(Transform transformToApply)
	       ^
  symbol:   class Transformable
  location: class VisualSelect
./GameFramework/Display/Visuals/VisualBuilder.java:432: error: bad operand types for binary operator '=='
				if (entityForwardInTurns == null)
				                         ^
  first type:  double
  second type: <null>
./GameFramework/Display/Visuals/VisualBuilder.java:452: error: incompatible types: possible lossy conversion from double to int
					childNameToSelect = namesByHeading[headingIndex];
					                                   ^
./GameFramework/Display/Visuals/VisualBuilder.java:482: error: cannot infer type for local variable Visual
		var Visual visualWieldable = new VisualDynamic
		    ^
  (cannot use 'var' on variable without initializer)
./GameFramework/Display/Visuals/VisualBuilder.java:482: error: cannot find symbol
		var Visual visualWieldable = new VisualDynamic
		           ^
  symbol:   variable visualWieldable
  location: class VisualBuilder
./GameFramework/Display/Visuals/VisualBuilder.java:482: error: cannot find symbol
		var Visual visualWieldable = new VisualDynamic
		                                 ^
  symbol:   class VisualDynamic
  location: class VisualBuilder
./GameFramework/Display/Visuals/VisualBuilder.java:503: error: Orientation_Instances.ForwardXDownZ is defined in an inaccessible class or interface
		var orientationToAnchorTo = Orientation.Instances().ForwardXDownZ;
		                                                   ^
./GameFramework/Display/Visuals/VisualBuilder.java:505: error: cannot find symbol
		visualWieldable = new VisualAnchor
		^
  symbol:   variable visualWieldable
  location: class VisualBuilder
./GameFramework/Display/Visuals/VisualAnchor.java:31: error: cannot find symbol
	public void draw(UniverseWorldPlaceEntities uwpe, Display display)
	                                                  ^
  symbol:   class Display
  location: class VisualAnchor
./GameFramework/Display/Visuals/VisualBuilder.java:507: error: cannot find symbol
			visualWieldable, null, orientationToAnchorTo
			^
  symbol:   variable visualWieldable
  location: class VisualBuilder
./GameFramework/Display/Visuals/VisualLine.java:18: error: cannot find symbol
	private Transform_Locate _transformLocate;
	        ^
  symbol:   class Transform_Locate
  location: class VisualLine
./GameFramework/Display/Visuals/VisualLine.java:86: error: cannot find symbol
	public Transformable transform(Transform transformToApply)
	                               ^
  symbol:   class Transform
  location: class VisualLine
./GameFramework/Display/Visuals/VisualLine.java:86: error: cannot find symbol
	public Transformable transform(Transform transformToApply)
	       ^
  symbol:   class Transformable
  location: class VisualLine
./GameFramework/Display/Visuals/VisualBuilder.java:529: error: cannot find symbol
					visualWieldable,
					^
  symbol:   variable visualWieldable
  location: class VisualBuilder
./GameFramework/Display/Visuals/VisualBuilder.java:554: error: cannot find symbol
					visualWieldable,
					^
  symbol:   variable visualWieldable
  location: class VisualBuilder
./GameFramework/Display/Visuals/VisualBuilder.java:579: error: cannot find symbol
					visualWieldable,
					^
  symbol:   variable visualWieldable
  location: class VisualBuilder
./GameFramework/Display/Visuals/VisualBuilder.java:604: error: cannot find symbol
					visualWieldable,
					^
  symbol:   variable visualWieldable
  location: class VisualBuilder
./GameFramework/Display/Visuals/VisualBuilder.java:692: error: incompatible types: <null> cannot be converted to boolean
			null
			^
./GameFramework/Display/Visuals/VisualBuilder.java:709: error: incompatible types: Coords cannot be converted to int
						new Coords(0, -dimension * 2, 0),
						^
./GameFramework/Display/Visuals/VisualBuilder.java:708: error: array required, but Path found
					([
					 ^
./GameFramework/Display/Visuals/VisualBuilder.java:719: error: incompatible types: Coords cannot be converted to int
						new Coords(0, -dimension, 0),
						^
./GameFramework/Display/Visuals/VisualBuilder.java:718: error: array required, but Path found
					([
					 ^
./GameFramework/Display/Visuals/VisualBuilder.java:730: error: cannot find symbol
			new Transform_Scale(new Coords(1, .8, 1))
			    ^
  symbol:   class Transform_Scale
  location: class VisualBuilder
./GameFramework/Display/Visuals/VisualBuilder.java:728: error: cannot find symbol
		var flameVisualStaticSmall = flameVisualStatic.clone().transform
		                             ^
  symbol:   variable flameVisualStatic
  location: class VisualBuilder
./GameFramework/Display/Visuals/VisualBuilder.java:735: error: cannot find symbol
			new Transform_Scale(new Coords(1, 1.2, 1))
			    ^
  symbol:   class Transform_Scale
  location: class VisualBuilder
./GameFramework/Display/Visuals/VisualBuilder.java:733: error: cannot find symbol
		var flameVisualStaticLarge = flameVisualStatic.clone().transform
		                             ^
  symbol:   variable flameVisualStatic
  location: class VisualBuilder
./GameFramework/Display/Visuals/VisualBuilder.java:746: error: cannot find symbol
				flameVisualStatic,
				^
  symbol:   variable flameVisualStatic
  location: class VisualBuilder
./GameFramework/Display/Visuals/VisualBuilder.java:748: error: cannot find symbol
				flameVisualStatic
				^
  symbol:   variable flameVisualStatic
  location: class VisualBuilder
./GameFramework/Display/Visuals/VisualCircle.java:23: error: incompatible types: <null> cannot be converted to double
		return new VisualCircle(radius, colorFill, null, null);
		                                                 ^
./GameFramework/Display/Visuals/VisualCircle.java:31: error: incompatible types: <null> cannot be converted to double
		return new VisualCircle(radius, colorFill, colorBorder, null);
		                                                        ^
./GameFramework/Display/Visuals/VisualPolygon.java:9: error: VisualPolygon is not abstract and does not override abstract method coordsGroupToTranslate() in Transformable
public class VisualPolygon implements Visual
       ^
./GameFramework/Display/Visuals/VisualPolygon.java:32: error: cannot find symbol
		this.transformLocate = new Transform_Locate(null);
		                           ^
  symbol:   class Transform_Locate
  location: class VisualPolygon
./GameFramework/Display/Visuals/VisualPolygon.java:60: error: cannot find symbol
		var verticesAsPath = new Path(vertices);
		                         ^
  symbol:   class Path
  location: class VisualPolygon
./GameFramework/Display/Visuals/VisualPolygon.java:81: error: cannot find symbol
		Transforms.applyTransformToCoordsMany
		^
  symbol:   variable Transforms
  location: class VisualPolygon
./GameFramework/Display/Visuals/VisualPolygon.java:101: error: cannot find symbol
			ClonableHelper.clone(this.colorFill),
			^
  symbol:   variable ClonableHelper
  location: class VisualPolygon
./GameFramework/Display/Visuals/VisualPolygon.java:102: error: cannot find symbol
			ClonableHelper.clone(this.colorBorder),
			^
  symbol:   variable ClonableHelper
  location: class VisualPolygon
./GameFramework/Display/Visuals/VisualPolygon.java:109: error: cannot find symbol
		var otherAsVisualPolygon = (VisualPolygon)other;
		                                          ^
  symbol:   variable other
  location: class VisualPolygon
./GameFramework/Display/Visuals/VisualPolygon.java:119: error: cannot find symbol
		this.shouldUseEntityOrientation = other.shouldUseEntityOrientation;
		                                  ^
  symbol:   variable other
  location: class VisualPolygon
./GameFramework/Storage/Compressor/ByteStreamFromBytes.java:48: error: no suitable method found for toArray(int[])
		return (int[])( bytesRead.toArray(new int[] {}) );
		                         ^
    method Collection.<T#1>toArray(IntFunction<T#1[]>) is not applicable
      (cannot infer type-variable(s) T#1
        (argument mismatch; int[] cannot be converted to IntFunction<T#1[]>))
    method ArrayList.<T#2>toArray(T#2[]) is not applicable
      (inference variable T#2 has incompatible bounds
        equality constraints: int
        lower bounds: Object)
  where T#1,T#2 are type-variables:
    T#1 extends Object declared in method <T#1>toArray(IntFunction<T#1[]>)
    T#2 extends Object declared in method <T#2>toArray(T#2[])
./GameFramework/Storage/Compressor/ByteStreamFromBytes.java:77: error: incompatible types: int[] cannot be converted to int
		Arrays.asList(bytesToWrite).stream().forEach(x -> this.writeByte(x));
		                                                                 ^
./GameFramework/Storage/Compressor/ByteStreamFromString.java:43: error: no suitable method found for toArray(int[])
		return bytesRead.toArray(new int[] {});
		                ^
    method Collection.<T#1>toArray(IntFunction<T#1[]>) is not applicable
      (cannot infer type-variable(s) T#1
        (argument mismatch; int[] cannot be converted to IntFunction<T#1[]>))
    method ArrayList.<T#2>toArray(T#2[]) is not applicable
      (inference variable T#2 has incompatible bounds
        equality constraints: int
        lower bounds: Object)
  where T#1,T#2 are type-variables:
    T#1 extends Object declared in method <T#1>toArray(IntFunction<T#1[]>)
    T#2 extends Object declared in method <T#2>toArray(T#2[])
./GameFramework/Storage/Compressor/ByteStreamFromString.java:73: error: cannot find symbol
		bytesToWrite.stream().forEach(x -> this.writeByte(x));
		            ^
  symbol:   method stream()
  location: variable bytesToWrite of type int[]
./GameFramework/Display/VenueLayered.java:45: error: cannot find symbol
					Coords.Instances().Zeroes, display.sizeInPixels,
					                                  ^
  symbol:   variable sizeInPixels
  location: variable display of type Display
./GameFramework/Controls/ControlTabbed.java:113: error: cannot find symbol
				() -> this.cancel.accept(universe) // click
				                         ^
  symbol:   variable universe
  location: class ControlTabbed
./GameFramework/Display/Visuals/VisualDirectional.java:10: error: VisualDirectional is not abstract and does not override abstract method coordsGroupToTranslate() in Transformable
public class VisualDirectional implements Visual
       ^
./GameFramework/Display/Visuals/VisualPath.java:44: error: cannot find symbol
		Transforms.applyTransformToCoordsMany
		          ^
  symbol:   method applyTransformToCoordsMany(Transform_Translate,Coords[])
  location: class Transforms
./GameFramework/Geometry/Shapes/Path.java:33: error: cannot find symbol
		Transforms.applyTransformToCoordsMObject(transformToApply, this.points);
		^
  symbol:   variable Transforms
  location: class Path
./GameFramework/Display/Visuals/Animation/VisualAnimation.java:5: error: VisualAnimation is not abstract and does not override abstract method coordsGroupToTranslate() in Transformable
public class VisualAnimation implements Visual
       ^
./GameFramework/Display/Visuals/Animation/VisualAnimation.java:29: error: cannot find symbol
				this.ticksToHoldFrames.push(1);
				                      ^
  symbol:   method push(int)
  location: variable ticksToHoldFrames of type int[]
./GameFramework/Display/Visuals/VisualSelect.java:29: error: cannot find symbol
			this.selectChildNames(uwpe, display);
			    ^
  symbol: method selectChildNames(UniverseWorldPlaceEntities,Display)
./GameFramework/Display/Visuals/VisualLine.java:34: error: cannot find symbol
		this._transformLocate = new Transform_Locate(null);
		                            ^
  symbol:   class Transform_Locate
  location: class VisualLine
Note: Some input files use unchecked or unsafe operations.
Note: Recompile with -Xlint:unchecked for details.
Note: Some messages have been simplified; recompile with -Xdiags:verbose to get full output
763 errors
